<?xml version="1.0" encoding="UTF-8"?>
<coverage generated="1774470925214" clover="3.2.0">
  <project timestamp="1774470925214" name="All files">
    <metrics statements="430" coveredstatements="409" conditionals="291" coveredconditionals="267" methods="176" coveredmethods="169" elements="897" coveredelements="845" complexity="0" loc="430" ncloc="430" packages="24" files="35" classes="35"/>
    <package name="lib">
      <metrics statements="3" coveredstatements="2" conditionals="2" coveredconditionals="1" methods="0" coveredmethods="0"/>
      <file name="prisma-tests.ts" path="C:\Users\User\Documents\tcc\src\lib\prisma-tests.ts">
        <metrics statements="3" coveredstatements="2" conditionals="2" coveredconditionals="1" methods="0" coveredmethods="0"/>
        <line num="3" count="21" type="cond" truecount="1" falsecount="1"/>
        <line num="4" count="0" type="stmt"/>
        <line num="7" count="21" type="stmt"/>
      </file>
    </package>
    <package name="middlewares.authentication">
      <metrics statements="17" coveredstatements="17" conditionals="10" coveredconditionals="8" methods="2" coveredmethods="2"/>
      <file name="authentication.middleware.ts" path="C:\Users\User\Documents\tcc\src\middlewares\authentication\authentication.middleware.ts">
        <metrics statements="17" coveredstatements="17" conditionals="10" coveredconditionals="8" methods="2" coveredmethods="2"/>
        <line num="7" count="1" type="stmt"/>
        <line num="12" count="7" type="stmt"/>
        <line num="13" count="7" type="stmt"/>
        <line num="16" count="7" type="stmt"/>
        <line num="19" count="7" type="cond" truecount="4" falsecount="0"/>
        <line num="22" count="4" type="stmt"/>
        <line num="25" count="4" type="cond" truecount="1" falsecount="1"/>
        <line num="30" count="4" type="stmt"/>
        <line num="31" count="4" type="stmt"/>
        <line num="33" count="1" type="stmt"/>
        <line num="36" count="3" type="cond" truecount="1" falsecount="1"/>
        <line num="40" count="3" type="stmt"/>
        <line num="43" count="2" type="cond" truecount="2" falsecount="0"/>
        <line num="44" count="1" type="stmt"/>
        <line num="48" count="1" type="stmt"/>
        <line num="54" count="1" type="stmt"/>
        <line num="58" count="6" type="stmt"/>
      </file>
    </package>
    <package name="modules.auth.services.access-token">
      <metrics statements="6" coveredstatements="5" conditionals="2" coveredconditionals="1" methods="3" coveredmethods="3"/>
      <file name="access-token.service.ts" path="C:\Users\User\Documents\tcc\src\modules\auth\services\access-token\access-token.service.ts">
        <metrics statements="6" coveredstatements="5" conditionals="2" coveredconditionals="1" methods="3" coveredmethods="3"/>
        <line num="16" count="5" type="stmt"/>
        <line num="21" count="5" type="stmt"/>
        <line num="28" count="3" type="stmt"/>
        <line num="32" count="1" type="cond" truecount="1" falsecount="1"/>
        <line num="33" count="0" type="stmt"/>
        <line num="36" count="1" type="stmt"/>
      </file>
    </package>
    <package name="modules.auth.services.auth">
      <metrics statements="18" coveredstatements="18" conditionals="6" coveredconditionals="6" methods="4" coveredmethods="4"/>
      <file name="auth.service.ts" path="C:\Users\User\Documents\tcc\src\modules\auth\services\auth\auth.service.ts">
        <metrics statements="18" coveredstatements="18" conditionals="6" coveredconditionals="6" methods="4" coveredmethods="4"/>
        <line num="23" count="6" type="stmt"/>
        <line num="25" count="6" type="cond" truecount="2" falsecount="0"/>
        <line num="27" count="5" type="stmt"/>
        <line num="29" count="5" type="cond" truecount="2" falsecount="0"/>
        <line num="31" count="4" type="stmt"/>
        <line num="33" count="3" type="stmt"/>
        <line num="35" count="2" type="stmt"/>
        <line num="40" count="1" type="stmt"/>
        <line num="52" count="4" type="stmt"/>
        <line num="54" count="3" type="stmt"/>
        <line num="55" count="3" type="stmt"/>
        <line num="58" count="2" type="cond" truecount="2" falsecount="0"/>
        <line num="59" count="1" type="stmt"/>
        <line num="62" count="1" type="stmt"/>
        <line num="68" count="4" type="stmt"/>
        <line num="70" count="3" type="stmt"/>
        <line num="72" count="2" type="stmt"/>
        <line num="77" count="1" type="stmt"/>
      </file>
    </package>
    <package name="modules.courses.repositories">
      <metrics statements="10" coveredstatements="10" conditionals="0" coveredconditionals="0" methods="9" coveredmethods="9"/>
      <file name="course.repository.ts" path="C:\Users\User\Documents\tcc\src\modules\courses\repositories\course.repository.ts">
        <metrics statements="10" coveredstatements="10" conditionals="0" coveredconditionals="0" methods="9" coveredmethods="9"/>
        <line num="16" count="119" type="stmt"/>
        <line num="22" count="5" type="stmt"/>
        <line num="31" count="2" type="stmt"/>
        <line num="42" count="6" type="stmt"/>
        <line num="54" count="5" type="stmt"/>
        <line num="64" count="3" type="stmt"/>
        <line num="77" count="2" type="stmt"/>
        <line num="79" count="2" type="stmt"/>
        <line num="81" count="2" type="stmt"/>
        <line num="83" count="2" type="stmt"/>
      </file>
    </package>
    <package name="modules.courses.services">
      <metrics statements="24" coveredstatements="24" conditionals="14" coveredconditionals="14" methods="9" coveredmethods="9"/>
      <file name="course.service.ts" path="C:\Users\User\Documents\tcc\src\modules\courses\services\course.service.ts">
        <metrics statements="24" coveredstatements="24" conditionals="14" coveredconditionals="14" methods="9" coveredmethods="9"/>
        <line num="25" count="7" type="stmt"/>
        <line num="27" count="5" type="stmt"/>
        <line num="33" count="4" type="stmt"/>
        <line num="41" count="6" type="cond" truecount="2" falsecount="0"/>
        <line num="45" count="4" type="cond" truecount="2" falsecount="0"/>
        <line num="47" count="2" type="stmt"/>
        <line num="55" count="5" type="stmt"/>
        <line num="57" count="4" type="stmt"/>
        <line num="59" count="3" type="stmt"/>
        <line num="68" count="7" type="stmt"/>
        <line num="70" count="6" type="cond" truecount="2" falsecount="0"/>
        <line num="71" count="1" type="stmt"/>
        <line num="73" count="5" type="stmt"/>
        <line num="75" count="4" type="stmt"/>
        <line num="81" count="3" type="stmt"/>
        <line num="85" count="6" type="stmt"/>
        <line num="86" count="6" type="stmt"/>
        <line num="88" count="5" type="cond" truecount="2" falsecount="0"/>
        <line num="90" count="4" type="stmt"/>
        <line num="92" count="3" type="stmt"/>
        <line num="93" count="3" type="stmt"/>
        <line num="94" count="3" type="stmt"/>
        <line num="95" count="3" type="stmt"/>
        <line num="100" count="12" type="stmt"/>
      </file>
    </package>
    <package name="modules.disciplines.repositories">
      <metrics statements="15" coveredstatements="15" conditionals="2" coveredconditionals="2" methods="12" coveredmethods="12"/>
      <file name="discipline.repository.ts" path="C:\Users\User\Documents\tcc\src\modules\disciplines\repositories\discipline.repository.ts">
        <metrics statements="15" coveredstatements="15" conditionals="2" coveredconditionals="2" methods="12" coveredmethods="12"/>
        <line num="11" count="3" type="stmt"/>
        <line num="19" count="3" type="stmt"/>
        <line num="28" count="4" type="stmt"/>
        <line num="41" count="4" type="stmt"/>
        <line num="55" count="4" type="stmt"/>
        <line num="69" count="3" type="stmt"/>
        <line num="85" count="11" type="stmt"/>
        <line num="91" count="6" type="stmt"/>
        <line num="101" count="10" type="stmt"/>
        <line num="111" count="3" type="stmt"/>
        <line num="114" count="3" type="stmt"/>
        <line num="116" count="3" type="cond" truecount="2" falsecount="0"/>
        <line num="117" count="2" type="stmt"/>
        <line num="121" count="2" type="stmt"/>
        <line num="126" count="3" type="stmt"/>
      </file>
    </package>
    <package name="modules.disciplines.services">
      <metrics statements="25" coveredstatements="25" conditionals="20" coveredconditionals="20" methods="11" coveredmethods="11"/>
      <file name="discipline.service.ts" path="C:\Users\User\Documents\tcc\src\modules\disciplines\services\discipline.service.ts">
        <metrics statements="25" coveredstatements="25" conditionals="20" coveredconditionals="20" methods="11" coveredmethods="11"/>
        <line num="25" count="5" type="stmt"/>
        <line num="27" count="4" type="stmt"/>
        <line num="29" count="3" type="stmt"/>
        <line num="33" count="7" type="stmt"/>
        <line num="35" count="6" type="cond" truecount="2" falsecount="0"/>
        <line num="37" count="5" type="stmt"/>
        <line num="39" count="4" type="stmt"/>
        <line num="45" count="3" type="stmt"/>
        <line num="49" count="6" type="cond" truecount="2" falsecount="0"/>
        <line num="53" count="4" type="cond" truecount="2" falsecount="0"/>
        <line num="55" count="2" type="stmt"/>
        <line num="59" count="6" type="cond" truecount="2" falsecount="0"/>
        <line num="61" count="4" type="stmt"/>
        <line num="65" count="8" type="stmt"/>
        <line num="66" count="7" type="cond" truecount="2" falsecount="0"/>
        <line num="68" count="6" type="stmt"/>
        <line num="70" count="5" type="stmt"/>
        <line num="75" count="4" type="stmt"/>
        <line num="79" count="7" type="stmt"/>
        <line num="80" count="7" type="cond" truecount="2" falsecount="0"/>
        <line num="85" count="5" type="cond" truecount="2" falsecount="0"/>
        <line num="87" count="3" type="stmt"/>
        <line num="88" count="3" type="stmt"/>
        <line num="89" count="3" type="stmt"/>
        <line num="94" count="15" type="stmt"/>
      </file>
    </package>
    <package name="modules.goals.repositories">
      <metrics statements="10" coveredstatements="10" conditionals="0" coveredconditionals="0" methods="11" coveredmethods="11"/>
      <file name="goal.repository.ts" path="C:\Users\User\Documents\tcc\src\modules\goals\repositories\goal.repository.ts">
        <metrics statements="10" coveredstatements="10" conditionals="0" coveredconditionals="0" methods="11" coveredmethods="11"/>
        <line num="12" count="2" type="stmt"/>
        <line num="18" count="3" type="stmt"/>
        <line num="24" count="4" type="stmt"/>
        <line num="31" count="9" type="stmt"/>
        <line num="35" count="6" type="stmt"/>
        <line num="42" count="2" type="stmt"/>
        <line num="48" count="2" type="stmt"/>
        <line num="54" count="2" type="stmt"/>
        <line num="60" count="2" type="stmt"/>
        <line num="66" count="3" type="stmt"/>
      </file>
    </package>
    <package name="modules.goals.services">
      <metrics statements="46" coveredstatements="46" conditionals="58" coveredconditionals="58" methods="9" coveredmethods="9"/>
      <file name="goal.service.ts" path="C:\Users\User\Documents\tcc\src\modules\goals\services\goal.service.ts">
        <metrics statements="46" coveredstatements="46" conditionals="58" coveredconditionals="58" methods="9" coveredmethods="9"/>
        <line num="32" count="16" type="stmt"/>
        <line num="34" count="16" type="cond" truecount="2" falsecount="0"/>
        <line num="36" count="16" type="stmt"/>
        <line num="38" count="14" type="cond" truecount="2" falsecount="0"/>
        <line num="39" count="1" type="stmt"/>
        <line num="42" count="13" type="stmt"/>
        <line num="43" count="13" type="cond" truecount="2" falsecount="0"/>
        <line num="45" count="12" type="stmt"/>
        <line num="47" count="11" type="cond" truecount="2" falsecount="0"/>
        <line num="48" count="2" type="stmt"/>
        <line num="49" count="2" type="cond" truecount="2" falsecount="0"/>
        <line num="51" count="9" type="cond" truecount="2" falsecount="0"/>
        <line num="52" count="3" type="stmt"/>
        <line num="53" count="3" type="cond" truecount="2" falsecount="0"/>
        <line num="54" count="2" type="cond" truecount="2" falsecount="0"/>
        <line num="56" count="6" type="cond" truecount="2" falsecount="0"/>
        <line num="57" count="3" type="stmt"/>
        <line num="58" count="3" type="cond" truecount="2" falsecount="0"/>
        <line num="59" count="2" type="cond" truecount="2" falsecount="0"/>
        <line num="62" count="6" type="stmt"/>
        <line num="74" count="5" type="stmt"/>
        <line num="78" count="6" type="cond" truecount="2" falsecount="0"/>
        <line num="82" count="4" type="cond" truecount="2" falsecount="0"/>
        <line num="84" count="2" type="stmt"/>
        <line num="89" count="5" type="stmt"/>
        <line num="91" count="4" type="stmt"/>
        <line num="93" count="3" type="stmt"/>
        <line num="97" count="13" type="cond" truecount="2" falsecount="0"/>
        <line num="102" count="12" type="cond" truecount="2" falsecount="0"/>
        <line num="106" count="10" type="stmt"/>
        <line num="108" count="10" type="cond" truecount="2" falsecount="0"/>
        <line num="109" count="3" type="cond" truecount="2" falsecount="0"/>
        <line num="110" count="1" type="stmt"/>
        <line num="112" count="2" type="stmt"/>
        <line num="114" count="2" type="stmt"/>
        <line num="116" count="1" type="stmt"/>
        <line num="120" count="9" type="cond" truecount="4" falsecount="0"/>
        <line num="121" count="1" type="stmt"/>
        <line num="124" count="8" type="stmt"/>
        <line num="130" count="7" type="stmt"/>
        <line num="134" count="7" type="cond" truecount="2" falsecount="0"/>
        <line num="139" count="5" type="cond" truecount="2" falsecount="0"/>
        <line num="141" count="3" type="stmt"/>
        <line num="145" count="18" type="cond" truecount="4" falsecount="0"/>
        <line num="146" count="3" type="stmt"/>
        <line num="151" count="17" type="stmt"/>
      </file>
    </package>
    <package name="modules.modules.repositories">
      <metrics statements="21" coveredstatements="21" conditionals="4" coveredconditionals="4" methods="13" coveredmethods="13"/>
      <file name="module.repository.ts" path="C:\Users\User\Documents\tcc\src\modules\modules\repositories\module.repository.ts">
        <metrics statements="21" coveredstatements="21" conditionals="4" coveredconditionals="4" methods="13" coveredmethods="13"/>
        <line num="10" count="3" type="stmt"/>
        <line num="17" count="3" type="stmt"/>
        <line num="23" count="4" type="stmt"/>
        <line num="37" count="4" type="stmt"/>
        <line num="51" count="3" type="stmt"/>
        <line num="66" count="4" type="stmt"/>
        <line num="78" count="12" type="stmt"/>
        <line num="84" count="6" type="stmt"/>
        <line num="91" count="10" type="stmt"/>
        <line num="100" count="7" type="stmt"/>
        <line num="104" count="7" type="stmt"/>
        <line num="106" count="7" type="cond" truecount="2" falsecount="0"/>
        <line num="107" count="5" type="stmt"/>
        <line num="110" count="5" type="stmt"/>
        <line num="112" count="5" type="cond" truecount="2" falsecount="0"/>
        <line num="113" count="2" type="stmt"/>
        <line num="117" count="2" type="stmt"/>
        <line num="123" count="5" type="stmt"/>
        <line num="128" count="5" type="stmt"/>
        <line num="132" count="5" type="stmt"/>
        <line num="138" count="7" type="stmt"/>
      </file>
    </package>
    <package name="modules.modules.services">
      <metrics statements="27" coveredstatements="27" conditionals="22" coveredconditionals="22" methods="11" coveredmethods="11"/>
      <file name="module.service.ts" path="C:\Users\User\Documents\tcc\src\modules\modules\services\module.service.ts">
        <metrics statements="27" coveredstatements="27" conditionals="22" coveredconditionals="22" methods="11" coveredmethods="11"/>
        <line num="25" count="5" type="stmt"/>
        <line num="27" count="4" type="stmt"/>
        <line num="29" count="3" type="cond" truecount="2" falsecount="0"/>
        <line num="31" count="3" type="stmt"/>
        <line num="35" count="7" type="stmt"/>
        <line num="37" count="6" type="cond" truecount="2" falsecount="0"/>
        <line num="39" count="5" type="stmt"/>
        <line num="41" count="4" type="stmt"/>
        <line num="47" count="3" type="stmt"/>
        <line num="51" count="6" type="cond" truecount="2" falsecount="0"/>
        <line num="55" count="4" type="cond" truecount="2" falsecount="0"/>
        <line num="57" count="2" type="stmt"/>
        <line num="61" count="6" type="cond" truecount="2" falsecount="0"/>
        <line num="63" count="4" type="stmt"/>
        <line num="67" count="8" type="stmt"/>
        <line num="68" count="7" type="cond" truecount="2" falsecount="0"/>
        <line num="70" count="6" type="stmt"/>
        <line num="72" count="5" type="stmt"/>
        <line num="77" count="4" type="stmt"/>
        <line num="81" count="8" type="stmt"/>
        <line num="82" count="8" type="cond" truecount="2" falsecount="0"/>
        <line num="87" count="6" type="cond" truecount="2" falsecount="0"/>
        <line num="89" count="4" type="stmt"/>
        <line num="90" count="4" type="stmt"/>
        <line num="91" count="4" type="stmt"/>
        <line num="92" count="3" type="stmt"/>
        <line num="97" count="15" type="stmt"/>
      </file>
    </package>
    <package name="modules.sessions.repositories">
      <metrics statements="7" coveredstatements="7" conditionals="0" coveredconditionals="0" methods="8" coveredmethods="8"/>
      <file name="session.repository.ts" path="C:\Users\User\Documents\tcc\src\modules\sessions\repositories\session.repository.ts">
        <metrics statements="7" coveredstatements="7" conditionals="0" coveredconditionals="0" methods="8" coveredmethods="8"/>
        <line num="10" count="1" type="stmt"/>
        <line num="25" count="3" type="stmt"/>
        <line num="38" count="4" type="stmt"/>
        <line num="47" count="9" type="stmt"/>
        <line num="53" count="3" type="stmt"/>
        <line num="62" count="1" type="stmt"/>
        <line num="73" count="1" type="stmt"/>
      </file>
    </package>
    <package name="modules.sessions.services">
      <metrics statements="31" coveredstatements="31" conditionals="25" coveredconditionals="24" methods="6" coveredmethods="6"/>
      <file name="session.service.ts" path="C:\Users\User\Documents\tcc\src\modules\sessions\services\session.service.ts">
        <metrics statements="31" coveredstatements="31" conditionals="25" coveredconditionals="24" methods="6" coveredmethods="6"/>
        <line num="20" count="3" type="stmt"/>
        <line num="23" count="3" type="stmt"/>
        <line num="26" count="2" type="stmt"/>
        <line num="30" count="2" type="stmt"/>
        <line num="37" count="1" type="stmt"/>
        <line num="47" count="10" type="stmt"/>
        <line num="49" count="10" type="cond" truecount="4" falsecount="0"/>
        <line num="50" count="1" type="stmt"/>
        <line num="52" count="9" type="stmt"/>
        <line num="53" count="8" type="cond" truecount="4" falsecount="0"/>
        <line num="54" count="2" type="stmt"/>
        <line num="56" count="6" type="cond" truecount="2" falsecount="0"/>
        <line num="59" count="5" type="cond" truecount="2" falsecount="0"/>
        <line num="60" count="1" type="stmt"/>
        <line num="61" count="1" type="stmt"/>
        <line num="65" count="4" type="stmt"/>
        <line num="66" count="3" type="cond" truecount="2" falsecount="0"/>
        <line num="68" count="2" type="stmt"/>
        <line num="71" count="2" type="stmt"/>
        <line num="73" count="2" type="stmt"/>
        <line num="75" count="2" type="stmt"/>
        <line num="80" count="1" type="stmt"/>
        <line num="89" count="5" type="stmt"/>
        <line num="91" count="4" type="cond" truecount="2" falsecount="0"/>
        <line num="93" count="3" type="cond" truecount="2" falsecount="0"/>
        <line num="95" count="2" type="stmt"/>
        <line num="99" count="1" type="stmt"/>
        <line num="103" count="4" type="stmt"/>
        <line num="105" count="4" type="cond" truecount="5" falsecount="0"/>
        <line num="107" count="1" type="cond" truecount="1" falsecount="1"/>
        <line num="109" count="1" type="stmt"/>
      </file>
    </package>
    <package name="modules.study-sessions.repositories">
      <metrics statements="10" coveredstatements="7" conditionals="0" coveredconditionals="0" methods="11" coveredmethods="8"/>
      <file name="study-session.repository.ts" path="C:\Users\User\Documents\tcc\src\modules\study-sessions\repositories\study-session.repository.ts">
        <metrics statements="10" coveredstatements="7" conditionals="0" coveredconditionals="0" methods="11" coveredmethods="8"/>
        <line num="12" count="2" type="stmt"/>
        <line num="18" count="2" type="stmt"/>
        <line num="24" count="2" type="stmt"/>
        <line num="31" count="6" type="stmt"/>
        <line num="35" count="4" type="stmt"/>
        <line num="42" count="2" type="stmt"/>
        <line num="48" count="0" type="stmt"/>
        <line num="54" count="0" type="stmt"/>
        <line num="60" count="0" type="stmt"/>
        <line num="66" count="2" type="stmt"/>
      </file>
    </package>
    <package name="modules.study-sessions.services">
      <metrics statements="39" coveredstatements="39" conditionals="52" coveredconditionals="48" methods="10" coveredmethods="10"/>
      <file name="study-session.service.ts" path="C:\Users\User\Documents\tcc\src\modules\study-sessions\services\study-session.service.ts">
        <metrics statements="39" coveredstatements="39" conditionals="52" coveredconditionals="48" methods="10" coveredmethods="10"/>
        <line num="30" count="11" type="cond" truecount="4" falsecount="0"/>
        <line num="32" count="10" type="cond" truecount="2" falsecount="0"/>
        <line num="36" count="10" type="cond" truecount="2" falsecount="0"/>
        <line num="39" count="9" type="stmt"/>
        <line num="40" count="9" type="cond" truecount="2" falsecount="0"/>
        <line num="42" count="8" type="stmt"/>
        <line num="44" count="8" type="cond" truecount="2" falsecount="0"/>
        <line num="45" count="1" type="stmt"/>
        <line num="46" count="1" type="cond" truecount="1" falsecount="1"/>
        <line num="48" count="7" type="cond" truecount="2" falsecount="0"/>
        <line num="49" count="3" type="stmt"/>
        <line num="50" count="3" type="cond" truecount="2" falsecount="0"/>
        <line num="51" count="2" type="cond" truecount="2" falsecount="0"/>
        <line num="53" count="4" type="cond" truecount="2" falsecount="0"/>
        <line num="54" count="3" type="stmt"/>
        <line num="55" count="3" type="cond" truecount="2" falsecount="0"/>
        <line num="56" count="2" type="cond" truecount="2" falsecount="0"/>
        <line num="59" count="4" type="stmt"/>
        <line num="68" count="4" type="stmt"/>
        <line num="72" count="3" type="stmt"/>
        <line num="74" count="3" type="cond" truecount="2" falsecount="0"/>
        <line num="76" count="2" type="stmt"/>
        <line num="81" count="1" type="stmt"/>
        <line num="83" count="1" type="stmt"/>
        <line num="85" count="2" type="stmt"/>
        <line num="91" count="4" type="cond" truecount="4" falsecount="0"/>
        <line num="93" count="3" type="stmt"/>
        <line num="95" count="3" type="cond" truecount="2" falsecount="0"/>
        <line num="98" count="2" type="cond" truecount="1" falsecount="1"/>
        <line num="99" count="2" type="stmt"/>
        <line num="100" count="2" type="cond" truecount="2" falsecount="0"/>
        <line num="103" count="1" type="stmt"/>
        <line num="108" count="1" type="stmt"/>
        <line num="112" count="2" type="stmt"/>
        <line num="115" count="2" type="cond" truecount="2" falsecount="0"/>
        <line num="117" count="1" type="stmt"/>
        <line num="121" count="12" type="stmt"/>
        <line num="125" count="8" type="cond" truecount="2" falsecount="0"/>
        <line num="132" count="9" type="stmt"/>
      </file>
    </package>
    <package name="modules.transaction.services">
      <metrics statements="10" coveredstatements="10" conditionals="0" coveredconditionals="0" methods="3" coveredmethods="3"/>
      <file name="transaction.service.ts" path="C:\Users\User\Documents\tcc\src\modules\transaction\services\transaction.service.ts">
        <metrics statements="10" coveredstatements="10" conditionals="0" coveredconditionals="0" methods="3" coveredmethods="3"/>
        <line num="16" count="9" type="stmt"/>
        <line num="18" count="8" type="stmt"/>
        <line num="19" count="8" type="stmt"/>
        <line num="20" count="8" type="stmt"/>
        <line num="21" count="8" type="stmt"/>
        <line num="22" count="8" type="stmt"/>
        <line num="23" count="8" type="stmt"/>
        <line num="24" count="8" type="stmt"/>
        <line num="26" count="8" type="stmt"/>
        <line num="36" count="8" type="stmt"/>
      </file>
    </package>
    <package name="modules.users.repositories">
      <metrics statements="6" coveredstatements="6" conditionals="0" coveredconditionals="0" methods="7" coveredmethods="7"/>
      <file name="user.repository.ts" path="C:\Users\User\Documents\tcc\src\modules\users\repositories\user.repository.ts">
        <metrics statements="6" coveredstatements="6" conditionals="0" coveredconditionals="0" methods="7" coveredmethods="7"/>
        <line num="10" count="1" type="stmt"/>
        <line num="20" count="186" type="stmt"/>
        <line num="24" count="2" type="stmt"/>
        <line num="28" count="1" type="stmt"/>
        <line num="33" count="1" type="stmt"/>
        <line num="42" count="1" type="stmt"/>
      </file>
    </package>
    <package name="modules.users.services">
      <metrics statements="50" coveredstatements="41" conditionals="40" coveredconditionals="30" methods="10" coveredmethods="9"/>
      <file name="user.service.ts" path="C:\Users\User\Documents\tcc\src\modules\users\services\user.service.ts">
        <metrics statements="50" coveredstatements="41" conditionals="40" coveredconditionals="30" methods="10" coveredmethods="9"/>
        <line num="29" count="4" type="stmt"/>
        <line num="31" count="4" type="cond" truecount="2" falsecount="0"/>
        <line num="33" count="3" type="stmt"/>
        <line num="35" count="2" type="stmt"/>
        <line num="37" count="2" type="cond" truecount="2" falsecount="0"/>
        <line num="39" count="1" type="stmt"/>
        <line num="41" count="1" type="stmt"/>
        <line num="42" count="1" type="stmt"/>
        <line num="47" count="0" type="stmt"/>
        <line num="49" count="0" type="cond" truecount="0" falsecount="4"/>
        <line num="50" count="0" type="stmt"/>
        <line num="53" count="0" type="stmt"/>
        <line num="55" count="0" type="cond" truecount="0" falsecount="2"/>
        <line num="57" count="0" type="stmt"/>
        <line num="59" count="0" type="cond" truecount="0" falsecount="2"/>
        <line num="62" count="0" type="stmt"/>
        <line num="69" count="0" type="stmt"/>
        <line num="83" count="8" type="stmt"/>
        <line num="85" count="7" type="stmt"/>
        <line num="86" count="7" type="cond" truecount="2" falsecount="0"/>
        <line num="88" count="6" type="stmt"/>
        <line num="93" count="4" type="stmt"/>
        <line num="94" count="4" type="cond" truecount="2" falsecount="0"/>
        <line num="98" count="3" type="cond" truecount="4" falsecount="0"/>
        <line num="99" count="1" type="stmt"/>
        <line num="102" count="2" type="stmt"/>
        <line num="106" count="8" type="stmt"/>
        <line num="109" count="7" type="cond" truecount="2" falsecount="0"/>
        <line num="114" count="6" type="cond" truecount="2" falsecount="0"/>
        <line num="116" count="1" type="stmt"/>
        <line num="118" count="1" type="cond" truecount="3" falsecount="1"/>
        <line num="119" count="1" type="stmt"/>
        <line num="123" count="5" type="cond" truecount="2" falsecount="0"/>
        <line num="125" count="3" type="stmt"/>
        <line num="127" count="2" type="cond" truecount="2" falsecount="0"/>
        <line num="130" count="3" type="stmt"/>
        <line num="136" count="3" type="stmt"/>
        <line num="138" count="3" type="stmt"/>
        <line num="142" count="4" type="stmt"/>
        <line num="143" count="4" type="stmt"/>
        <line num="145" count="4" type="cond" truecount="2" falsecount="0"/>
        <line num="147" count="3" type="stmt"/>
        <line num="149" count="2" type="stmt"/>
        <line num="150" count="2" type="stmt"/>
        <line num="151" count="2" type="stmt"/>
        <line num="152" count="2" type="stmt"/>
        <line num="153" count="2" type="stmt"/>
        <line num="154" count="2" type="stmt"/>
        <line num="159" count="2" type="stmt"/>
        <line num="164" count="11" type="stmt"/>
      </file>
    </package>
    <package name="shared.convert.utils">
      <metrics statements="21" coveredstatements="17" conditionals="11" coveredconditionals="8" methods="6" coveredmethods="5"/>
      <file name="date-convert.utils.ts" path="C:\Users\User\Documents\tcc\src\shared\convert\utils\date-convert.utils.ts">
        <metrics statements="21" coveredstatements="17" conditionals="11" coveredconditionals="8" methods="6" coveredmethods="5"/>
        <line num="6" count="1" type="stmt"/>
        <line num="10" count="1" type="stmt"/>
        <line num="14" count="23" type="stmt"/>
        <line num="16" count="23" type="cond" truecount="1" falsecount="1"/>
        <line num="17" count="0" type="stmt"/>
        <line num="19" count="23" type="stmt"/>
        <line num="20" count="23" type="stmt"/>
        <line num="21" count="23" type="stmt"/>
        <line num="23" count="23" type="cond" truecount="1" falsecount="1"/>
        <line num="24" count="0" type="stmt"/>
        <line num="27" count="23" type="stmt"/>
        <line num="31" count="23" type="cond" truecount="1" falsecount="1"/>
        <line num="32" count="0" type="stmt"/>
        <line num="35" count="23" type="stmt"/>
        <line num="37" count="23" type="stmt"/>
        <line num="39" count="23" type="cond" truecount="2" falsecount="0"/>
        <line num="44" count="1" type="stmt"/>
        <line num="47" count="22" type="stmt"/>
        <line num="51" count="2" type="stmt"/>
        <line num="52" count="2" type="stmt"/>
        <line num="58" count="0" type="stmt"/>
      </file>
    </package>
    <package name="shared.errors">
      <metrics statements="6" coveredstatements="4" conditionals="1" coveredconditionals="0" methods="6" coveredmethods="4"/>
      <file name="authorization.error.ts" path="C:\Users\User\Documents\tcc\src\shared\errors\authorization.error.ts">
        <metrics statements="1" coveredstatements="1" conditionals="0" coveredconditionals="0" methods="1" coveredmethods="1"/>
        <line num="5" count="34" type="stmt"/>
      </file>
      <file name="base-error.ts" path="C:\Users\User\Documents\tcc\src\shared\errors\base-error.ts">
        <metrics statements="2" coveredstatements="1" conditionals="0" coveredconditionals="0" methods="2" coveredmethods="1"/>
        <line num="5" count="80" type="stmt"/>
        <line num="9" count="0" type="stmt"/>
      </file>
      <file name="internal-server-error.ts" path="C:\Users\User\Documents\tcc\src\shared\errors\internal-server-error.ts">
        <metrics statements="1" coveredstatements="0" conditionals="1" coveredconditionals="0" methods="1" coveredmethods="0"/>
        <line num="5" count="0" type="stmt"/>
      </file>
      <file name="not-found-error.ts" path="C:\Users\User\Documents\tcc\src\shared\errors\not-found-error.ts">
        <metrics statements="1" coveredstatements="1" conditionals="0" coveredconditionals="0" methods="1" coveredmethods="1"/>
        <line num="5" count="20" type="stmt"/>
      </file>
      <file name="validation-error.ts" path="C:\Users\User\Documents\tcc\src\shared\errors\validation-error.ts">
        <metrics statements="1" coveredstatements="1" conditionals="0" coveredconditionals="0" methods="1" coveredmethods="1"/>
        <line num="5" count="26" type="stmt"/>
      </file>
    </package>
    <package name="shared.hash.provider">
      <metrics statements="4" coveredstatements="3" conditionals="4" coveredconditionals="3" methods="3" coveredmethods="3"/>
      <file name="hash.provider.ts" path="C:\Users\User\Documents\tcc\src\shared\hash\provider\hash.provider.ts">
        <metrics statements="4" coveredstatements="3" conditionals="4" coveredconditionals="3" methods="3" coveredmethods="3"/>
        <line num="7" count="4" type="cond" truecount="3" falsecount="1"/>
        <line num="8" count="0" type="stmt"/>
        <line num="13" count="2" type="stmt"/>
        <line num="17" count="3" type="stmt"/>
      </file>
    </package>
    <package name="shared.ownership">
      <metrics statements="14" coveredstatements="14" conditionals="18" coveredconditionals="18" methods="4" coveredmethods="4"/>
      <file name="ownership.service.ts" path="C:\Users\User\Documents\tcc\src\shared\ownership\ownership.service.ts">
        <metrics statements="14" coveredstatements="14" conditionals="18" coveredconditionals="18" methods="4" coveredmethods="4"/>
        <line num="16" count="7" type="cond" truecount="2" falsecount="0"/>
        <line num="17" count="4" type="cond" truecount="4" falsecount="0"/>
        <line num="18" count="2" type="stmt"/>
        <line num="19" count="2" type="cond" truecount="2" falsecount="0"/>
        <line num="20" count="1" type="stmt"/>
        <line num="22" count="1" type="stmt"/>
        <line num="24" count="2" type="stmt"/>
        <line num="27" count="3" type="cond" truecount="4" falsecount="0"/>
        <line num="28" count="1" type="stmt"/>
        <line num="31" count="2" type="stmt"/>
        <line num="38" count="5" type="cond" truecount="4" falsecount="0"/>
        <line num="39" count="2" type="stmt"/>
        <line num="47" count="4" type="cond" truecount="2" falsecount="0"/>
        <line num="48" count="3" type="stmt"/>
      </file>
    </package>
    <package name="tests.factories">
      <metrics statements="10" coveredstatements="10" conditionals="0" coveredconditionals="0" methods="8" coveredmethods="8"/>
      <file name="make-course.ts" path="C:\Users\User\Documents\tcc\src\tests\factories\make-course.ts">
        <metrics statements="1" coveredstatements="1" conditionals="0" coveredconditionals="0" methods="1" coveredmethods="1"/>
        <line num="4" count="161" type="stmt"/>
      </file>
      <file name="make-discipline.ts" path="C:\Users\User\Documents\tcc\src\tests\factories\make-discipline.ts">
        <metrics statements="1" coveredstatements="1" conditionals="0" coveredconditionals="0" methods="1" coveredmethods="1"/>
        <line num="4" count="82" type="stmt"/>
      </file>
      <file name="make-goal.ts" path="C:\Users\User\Documents\tcc\src\tests\factories\make-goal.ts">
        <metrics statements="1" coveredstatements="1" conditionals="0" coveredconditionals="0" methods="1" coveredmethods="1"/>
        <line num="5" count="79" type="stmt"/>
      </file>
      <file name="make-module.ts" path="C:\Users\User\Documents\tcc\src\tests\factories\make-module.ts">
        <metrics statements="1" coveredstatements="1" conditionals="0" coveredconditionals="0" methods="1" coveredmethods="1"/>
        <line num="5" count="138" type="stmt"/>
      </file>
      <file name="make-payload.ts" path="C:\Users\User\Documents\tcc\src\tests\factories\make-payload.ts">
        <metrics statements="2" coveredstatements="2" conditionals="0" coveredconditionals="0" methods="1" coveredmethods="1"/>
        <line num="3" count="1" type="stmt"/>
        <line num="5" count="5" type="stmt"/>
      </file>
      <file name="make-session.ts" path="C:\Users\User\Documents\tcc\src\tests\factories\make-session.ts">
        <metrics statements="1" coveredstatements="1" conditionals="0" coveredconditionals="0" methods="1" coveredmethods="1"/>
        <line num="3" count="20" type="stmt"/>
      </file>
      <file name="make-study-session.ts" path="C:\Users\User\Documents\tcc\src\tests\factories\make-study-session.ts">
        <metrics statements="2" coveredstatements="2" conditionals="0" coveredconditionals="0" methods="1" coveredmethods="1"/>
        <line num="5" count="2" type="stmt"/>
        <line num="6" count="41" type="stmt"/>
      </file>
      <file name="make-user.ts" path="C:\Users\User\Documents\tcc\src\tests\factories\make-user.ts">
        <metrics statements="1" coveredstatements="1" conditionals="0" coveredconditionals="0" methods="1" coveredmethods="1"/>
        <line num="4" count="196" type="stmt"/>
      </file>
    </package>
  </project>
</coverage>
