{"C:\\Users\\User\\Documents\\tcc\\src\\lib\\prisma-tests.ts": {"path":"C:\\Users\\User\\Documents\\tcc\\src\\lib\\prisma-tests.ts","statementMap":{"0":{"start":{"line":3,"column":0},"end":{"line":5,"column":1}},"1":{"start":{"line":4,"column":2},"end":{"line":4,"column":59}},"2":{"start":{"line":7,"column":27},"end":{"line":7,"column":45}}},"fnMap":{},"branchMap":{"0":{"loc":{"start":{"line":3,"column":0},"end":{"line":5,"column":1}},"type":"if","locations":[{"start":{"line":3,"column":0},"end":{"line":5,"column":1}},{"start":{},"end":{}}],"line":3}},"s":{"0":21,"1":0,"2":21},"f":{},"b":{"0":[0,21]},"_coverageSchema":"1a1c01bbd47fc00a2c39e90264f33305004495a9","hash":"b01866778145d17e8f97bf7aebd020e53467509e"}
,"C:\\Users\\User\\Documents\\tcc\\src\\middlewares\\authentication\\authentication.middleware.ts": {"path":"C:\\Users\\User\\Documents\\tcc\\src\\middlewares\\authentication\\authentication.middleware.ts","statementMap":{"0":{"start":{"line":7,"column":40},"end":{"line":62,"column":1}},"1":{"start":{"line":12,"column":4},"end":{"line":61,"column":5}},"2":{"start":{"line":13,"column":8},"end":{"line":60,"column":9}},"3":{"start":{"line":16,"column":35},"end":{"line":16,"column":60}},"4":{"start":{"line":19,"column":12},"end":{"line":19,"column":141}},"5":{"start":{"line":19,"column":71},"end":{"line":19,"column":141}},"6":{"start":{"line":22,"column":32},"end":{"line":22,"column":59}},"7":{"start":{"line":25,"column":12},"end":{"line":25,"column":99}},"8":{"start":{"line":25,"column":29},"end":{"line":25,"column":99}},"9":{"start":{"line":30,"column":12},"end":{"line":34,"column":13}},"10":{"start":{"line":31,"column":15},"end":{"line":31,"column":71}},"11":{"start":{"line":33,"column":16},"end":{"line":33,"column":59}},"12":{"start":{"line":36,"column":12},"end":{"line":36,"column":68}},"13":{"start":{"line":36,"column":25},"end":{"line":36,"column":68}},"14":{"start":{"line":40,"column":28},"end":{"line":40,"column":83}},"15":{"start":{"line":43,"column":12},"end":{"line":45,"column":13}},"16":{"start":{"line":44,"column":16},"end":{"line":44,"column":62}},"17":{"start":{"line":48,"column":12},"end":{"line":52,"column":13}},"18":{"start":{"line":54,"column":12},"end":{"line":54,"column":25}},"19":{"start":{"line":58,"column":12},"end":{"line":58,"column":21}}},"fnMap":{"0":{"name":"(anonymous_0)","decl":{"start":{"line":7,"column":40},"end":{"line":7,"column":41}},"loc":{"start":{"line":10,"column":5},"end":{"line":62,"column":1}},"line":10},"1":{"name":"(anonymous_1)","decl":{"start":{"line":12,"column":11},"end":{"line":12,"column":12}},"loc":{"start":{"line":12,"column":70},"end":{"line":61,"column":5}},"line":12}},"branchMap":{"0":{"loc":{"start":{"line":19,"column":12},"end":{"line":19,"column":141}},"type":"if","locations":[{"start":{"line":19,"column":12},"end":{"line":19,"column":141}},{"start":{},"end":{}}],"line":19},"1":{"loc":{"start":{"line":19,"column":15},"end":{"line":19,"column":69}},"type":"binary-expr","locations":[{"start":{"line":19,"column":15},"end":{"line":19,"column":29}},{"start":{"line":19,"column":33},"end":{"line":19,"column":69}}],"line":19},"2":{"loc":{"start":{"line":25,"column":12},"end":{"line":25,"column":99}},"type":"if","locations":[{"start":{"line":25,"column":12},"end":{"line":25,"column":99}},{"start":{},"end":{}}],"line":25},"3":{"loc":{"start":{"line":36,"column":12},"end":{"line":36,"column":68}},"type":"if","locations":[{"start":{"line":36,"column":12},"end":{"line":36,"column":68}},{"start":{},"end":{}}],"line":36},"4":{"loc":{"start":{"line":43,"column":12},"end":{"line":45,"column":13}},"type":"if","locations":[{"start":{"line":43,"column":12},"end":{"line":45,"column":13}},{"start":{},"end":{}}],"line":43}},"s":{"0":1,"1":7,"2":7,"3":7,"4":7,"5":3,"6":4,"7":4,"8":0,"9":4,"10":4,"11":1,"12":3,"13":0,"14":3,"15":2,"16":1,"17":1,"18":1,"19":6},"f":{"0":7,"1":7},"b":{"0":[3,4],"1":[7,6],"2":[0,4],"3":[0,3],"4":[1,1]},"_coverageSchema":"1a1c01bbd47fc00a2c39e90264f33305004495a9","hash":"798697639770d2ab849875af276001ea3b80f15a"}
,"C:\\Users\\User\\Documents\\tcc\\src\\modules\\auth\\services\\access-token\\access-token.service.ts": {"path":"C:\\Users\\User\\Documents\\tcc\\src\\modules\\auth\\services\\access-token\\access-token.service.ts","statementMap":{"0":{"start":{"line":16,"column":24},"end":{"line":19,"column":9}},"1":{"start":{"line":21,"column":8},"end":{"line":24,"column":10}},"2":{"start":{"line":28,"column":20},"end":{"line":30,"column":6}},"3":{"start":{"line":32,"column":4},"end":{"line":34,"column":5}},"4":{"start":{"line":33,"column":8},"end":{"line":33,"column":63}},"5":{"start":{"line":36,"column":4},"end":{"line":36,"column":45}}},"fnMap":{"0":{"name":"(anonymous_0)","decl":{"start":{"line":8,"column":4},"end":{"line":8,"column":5}},"loc":{"start":{"line":10,"column":6},"end":{"line":10,"column":8}},"line":10},"1":{"name":"(anonymous_1)","decl":{"start":{"line":12,"column":4},"end":{"line":12,"column":5}},"loc":{"start":{"line":14,"column":14},"end":{"line":25,"column":5}},"line":14},"2":{"name":"(anonymous_2)","decl":{"start":{"line":27,"column":4},"end":{"line":27,"column":5}},"loc":{"start":{"line":27,"column":64},"end":{"line":37,"column":1}},"line":27}},"branchMap":{"0":{"loc":{"start":{"line":32,"column":4},"end":{"line":34,"column":5}},"type":"if","locations":[{"start":{"line":32,"column":4},"end":{"line":34,"column":5}},{"start":{},"end":{}}],"line":32}},"s":{"0":5,"1":5,"2":3,"3":1,"4":0,"5":1},"f":{"0":2,"1":5,"2":3},"b":{"0":[0,1]},"_coverageSchema":"1a1c01bbd47fc00a2c39e90264f33305004495a9","hash":"e90877e73fdedd82e08a17ec9010b4765ad5acd4"}
,"C:\\Users\\User\\Documents\\tcc\\src\\modules\\auth\\services\\auth\\auth.service.ts": {"path":"C:\\Users\\User\\Documents\\tcc\\src\\modules\\auth\\services\\auth\\auth.service.ts","statementMap":{"0":{"start":{"line":23,"column":21},"end":{"line":23,"column":76}},"1":{"start":{"line":25,"column":8},"end":{"line":25,"column":76}},"2":{"start":{"line":25,"column":18},"end":{"line":25,"column":76}},"3":{"start":{"line":27,"column":31},"end":{"line":27,"column":84}},"4":{"start":{"line":29,"column":8},"end":{"line":29,"column":86}},"5":{"start":{"line":29,"column":28},"end":{"line":29,"column":86}},"6":{"start":{"line":31,"column":24},"end":{"line":31,"column":72}},"7":{"start":{"line":33,"column":26},"end":{"line":33,"column":75}},"8":{"start":{"line":35,"column":22},"end":{"line":38,"column":10}},"9":{"start":{"line":40,"column":8},"end":{"line":46,"column":9}},"10":{"start":{"line":52,"column":24},"end":{"line":52,"column":75}},"11":{"start":{"line":54,"column":8},"end":{"line":63,"column":9}},"12":{"start":{"line":55,"column":12},"end":{"line":55,"column":74}},"13":{"start":{"line":58,"column":12},"end":{"line":60,"column":13}},"14":{"start":{"line":59,"column":16},"end":{"line":59,"column":63}},"15":{"start":{"line":62,"column":12},"end":{"line":62,"column":21}},"16":{"start":{"line":68,"column":24},"end":{"line":68,"column":78}},"17":{"start":{"line":70,"column":33},"end":{"line":70,"column":82}},"18":{"start":{"line":72,"column":28},"end":{"line":75,"column":10}},"19":{"start":{"line":77,"column":8},"end":{"line":83,"column":9}}},"fnMap":{"0":{"name":"(anonymous_0)","decl":{"start":{"line":14,"column":4},"end":{"line":14,"column":5}},"loc":{"start":{"line":20,"column":6},"end":{"line":20,"column":8}},"line":20},"1":{"name":"(anonymous_1)","decl":{"start":{"line":22,"column":4},"end":{"line":22,"column":5}},"loc":{"start":{"line":22,"column":58},"end":{"line":48,"column":5}},"line":22},"2":{"name":"(anonymous_2)","decl":{"start":{"line":50,"column":4},"end":{"line":50,"column":5}},"loc":{"start":{"line":50,"column":53},"end":{"line":64,"column":5}},"line":50},"3":{"name":"(anonymous_3)","decl":{"start":{"line":66,"column":4},"end":{"line":66,"column":5}},"loc":{"start":{"line":66,"column":73},"end":{"line":84,"column":5}},"line":66}},"branchMap":{"0":{"loc":{"start":{"line":25,"column":8},"end":{"line":25,"column":76}},"type":"if","locations":[{"start":{"line":25,"column":8},"end":{"line":25,"column":76}},{"start":{},"end":{}}],"line":25},"1":{"loc":{"start":{"line":29,"column":8},"end":{"line":29,"column":86}},"type":"if","locations":[{"start":{"line":29,"column":8},"end":{"line":29,"column":86}},{"start":{},"end":{}}],"line":29},"2":{"loc":{"start":{"line":58,"column":12},"end":{"line":60,"column":13}},"type":"if","locations":[{"start":{"line":58,"column":12},"end":{"line":60,"column":13}},{"start":{},"end":{}}],"line":58}},"s":{"0":6,"1":6,"2":1,"3":5,"4":5,"5":1,"6":4,"7":3,"8":2,"9":1,"10":4,"11":3,"12":3,"13":2,"14":1,"15":1,"16":4,"17":3,"18":2,"19":1},"f":{"0":1,"1":6,"2":4,"3":4},"b":{"0":[1,5],"1":[1,4],"2":[1,1]},"_coverageSchema":"1a1c01bbd47fc00a2c39e90264f33305004495a9","hash":"c68ca514f198326befd081bf912bcfaec9474ddd"}
,"C:\\Users\\User\\Documents\\tcc\\src\\modules\\courses\\repositories\\course.repository.ts": {"path":"C:\\Users\\User\\Documents\\tcc\\src\\modules\\courses\\repositories\\course.repository.ts","statementMap":{"0":{"start":{"line":16,"column":8},"end":{"line":18,"column":10}},"1":{"start":{"line":22,"column":8},"end":{"line":27,"column":10}},"2":{"start":{"line":31,"column":8},"end":{"line":37,"column":10}},"3":{"start":{"line":42,"column":7},"end":{"line":50,"column":10}},"4":{"start":{"line":54,"column":8},"end":{"line":59,"column":10}},"5":{"start":{"line":64,"column":8},"end":{"line":73,"column":10}},"6":{"start":{"line":77,"column":24},"end":{"line":77,"column":58}},"7":{"start":{"line":79,"column":26},"end":{"line":79,"column":58}},"8":{"start":{"line":79,"column":48},"end":{"line":79,"column":57}},"9":{"start":{"line":81,"column":8},"end":{"line":81,"column":71}},"10":{"start":{"line":83,"column":8},"end":{"line":91,"column":10}}},"fnMap":{"0":{"name":"(anonymous_0)","decl":{"start":{"line":8,"column":4},"end":{"line":8,"column":5}},"loc":{"start":{"line":12,"column":6},"end":{"line":12,"column":8}},"line":12},"1":{"name":"(anonymous_1)","decl":{"start":{"line":14,"column":4},"end":{"line":14,"column":5}},"loc":{"start":{"line":14,"column":61},"end":{"line":19,"column":5}},"line":14},"2":{"name":"(anonymous_2)","decl":{"start":{"line":21,"column":4},"end":{"line":21,"column":5}},"loc":{"start":{"line":21,"column":55},"end":{"line":28,"column":5}},"line":21},"3":{"name":"(anonymous_3)","decl":{"start":{"line":30,"column":4},"end":{"line":30,"column":5}},"loc":{"start":{"line":30,"column":82},"end":{"line":38,"column":5}},"line":30},"4":{"name":"(anonymous_4)","decl":{"start":{"line":41,"column":4},"end":{"line":41,"column":5}},"loc":{"start":{"line":41,"column":55},"end":{"line":51,"column":5}},"line":41},"5":{"name":"(anonymous_5)","decl":{"start":{"line":53,"column":4},"end":{"line":53,"column":5}},"loc":{"start":{"line":53,"column":104},"end":{"line":60,"column":5}},"line":53},"6":{"name":"(anonymous_6)","decl":{"start":{"line":62,"column":4},"end":{"line":62,"column":5}},"loc":{"start":{"line":62,"column":70},"end":{"line":74,"column":5}},"line":62},"7":{"name":"(anonymous_7)","decl":{"start":{"line":76,"column":4},"end":{"line":76,"column":5}},"loc":{"start":{"line":76,"column":63},"end":{"line":92,"column":5}},"line":76},"8":{"name":"(anonymous_8)","decl":{"start":{"line":79,"column":38},"end":{"line":79,"column":39}},"loc":{"start":{"line":79,"column":48},"end":{"line":79,"column":57}},"line":79}},"branchMap":{},"s":{"0":119,"1":5,"2":2,"3":6,"4":5,"5":3,"6":2,"7":2,"8":2,"9":2,"10":2},"f":{"0":5,"1":119,"2":5,"3":2,"4":6,"5":5,"6":3,"7":2,"8":2},"b":{},"_coverageSchema":"1a1c01bbd47fc00a2c39e90264f33305004495a9","hash":"3e8332dbd84b98efae646908477e6d2c502b6af7"}
,"C:\\Users\\User\\Documents\\tcc\\src\\modules\\courses\\services\\course.service.ts": {"path":"C:\\Users\\User\\Documents\\tcc\\src\\modules\\courses\\services\\course.service.ts","statementMap":{"0":{"start":{"line":25,"column":20},"end":{"line":25,"column":78}},"1":{"start":{"line":27,"column":19},"end":{"line":31,"column":6}},"2":{"start":{"line":33,"column":4},"end":{"line":33,"column":36}},"3":{"start":{"line":41,"column":6},"end":{"line":43,"column":74}},"4":{"start":{"line":45,"column":4},"end":{"line":45,"column":29}},"5":{"start":{"line":45,"column":17},"end":{"line":45,"column":29}},"6":{"start":{"line":47,"column":4},"end":{"line":47,"column":36}},"7":{"start":{"line":55,"column":4},"end":{"line":55,"column":61}},"8":{"start":{"line":57,"column":20},"end":{"line":57,"column":77}},"9":{"start":{"line":59,"column":4},"end":{"line":59,"column":61}},"10":{"start":{"line":59,"column":35},"end":{"line":59,"column":59}},"11":{"start":{"line":68,"column":19},"end":{"line":68,"column":65}},"12":{"start":{"line":70,"column":4},"end":{"line":72,"column":5}},"13":{"start":{"line":71,"column":6},"end":{"line":71,"column":54}},"14":{"start":{"line":73,"column":4},"end":{"line":73,"column":62}},"15":{"start":{"line":75,"column":26},"end":{"line":79,"column":6}},"16":{"start":{"line":81,"column":4},"end":{"line":81,"column":43}},"17":{"start":{"line":85,"column":4},"end":{"line":96,"column":6}},"18":{"start":{"line":86,"column":21},"end":{"line":86,"column":75}},"19":{"start":{"line":88,"column":6},"end":{"line":88,"column":26}},"20":{"start":{"line":88,"column":19},"end":{"line":88,"column":26}},"21":{"start":{"line":90,"column":6},"end":{"line":90,"column":64}},"22":{"start":{"line":92,"column":6},"end":{"line":92,"column":80}},"23":{"start":{"line":93,"column":6},"end":{"line":93,"column":78}},"24":{"start":{"line":94,"column":6},"end":{"line":94,"column":72}},"25":{"start":{"line":95,"column":6},"end":{"line":95,"column":78}},"26":{"start":{"line":100,"column":4},"end":{"line":106,"column":6}}},"fnMap":{"0":{"name":"(anonymous_0)","decl":{"start":{"line":13,"column":2},"end":{"line":13,"column":3}},"loc":{"start":{"line":18,"column":4},"end":{"line":18,"column":7}},"line":18},"1":{"name":"(anonymous_1)","decl":{"start":{"line":20,"column":2},"end":{"line":20,"column":3}},"loc":{"start":{"line":23,"column":32},"end":{"line":34,"column":3}},"line":23},"2":{"name":"(anonymous_2)","decl":{"start":{"line":36,"column":2},"end":{"line":36,"column":3}},"loc":{"start":{"line":39,"column":39},"end":{"line":48,"column":3}},"line":39},"3":{"name":"(anonymous_3)","decl":{"start":{"line":50,"column":2},"end":{"line":50,"column":3}},"loc":{"start":{"line":53,"column":34},"end":{"line":60,"column":3}},"line":53},"4":{"name":"(anonymous_4)","decl":{"start":{"line":59,"column":23},"end":{"line":59,"column":24}},"loc":{"start":{"line":59,"column":35},"end":{"line":59,"column":59}},"line":59},"5":{"name":"(anonymous_5)","decl":{"start":{"line":62,"column":2},"end":{"line":62,"column":3}},"loc":{"start":{"line":66,"column":32},"end":{"line":82,"column":3}},"line":66},"6":{"name":"(anonymous_6)","decl":{"start":{"line":84,"column":2},"end":{"line":84,"column":3}},"loc":{"start":{"line":84,"column":75},"end":{"line":97,"column":3}},"line":84},"7":{"name":"(anonymous_7)","decl":{"start":{"line":85,"column":36},"end":{"line":85,"column":37}},"loc":{"start":{"line":85,"column":60},"end":{"line":96,"column":5}},"line":85},"8":{"name":"(anonymous_8)","decl":{"start":{"line":99,"column":2},"end":{"line":99,"column":3}},"loc":{"start":{"line":99,"column":57},"end":{"line":107,"column":3}},"line":99}},"branchMap":{"0":{"loc":{"start":{"line":30,"column":19},"end":{"line":30,"column":43}},"type":"binary-expr","locations":[{"start":{"line":30,"column":19},"end":{"line":30,"column":35}},{"start":{"line":30,"column":39},"end":{"line":30,"column":43}}],"line":30},"1":{"loc":{"start":{"line":41,"column":6},"end":{"line":43,"column":74}},"type":"cond-expr","locations":[{"start":{"line":42,"column":10},"end":{"line":42,"column":56}},{"start":{"line":43,"column":10},"end":{"line":43,"column":74}}],"line":41},"2":{"loc":{"start":{"line":45,"column":4},"end":{"line":45,"column":29}},"type":"if","locations":[{"start":{"line":45,"column":4},"end":{"line":45,"column":29}},{"start":{},"end":{}}],"line":45},"3":{"loc":{"start":{"line":70,"column":4},"end":{"line":72,"column":5}},"type":"if","locations":[{"start":{"line":70,"column":4},"end":{"line":72,"column":5}},{"start":{},"end":{}}],"line":70},"4":{"loc":{"start":{"line":76,"column":13},"end":{"line":76,"column":79}},"type":"cond-expr","locations":[{"start":{"line":76,"column":26},"end":{"line":76,"column":64}},{"start":{"line":76,"column":67},"end":{"line":76,"column":79}}],"line":76},"5":{"loc":{"start":{"line":78,"column":8},"end":{"line":78,"column":78}},"type":"cond-expr","locations":[{"start":{"line":78,"column":41},"end":{"line":78,"column":57}},{"start":{"line":78,"column":60},"end":{"line":78,"column":78}}],"line":78},"6":{"loc":{"start":{"line":88,"column":6},"end":{"line":88,"column":26}},"type":"if","locations":[{"start":{"line":88,"column":6},"end":{"line":88,"column":26}},{"start":{},"end":{}}],"line":88}},"s":{"0":7,"1":5,"2":4,"3":6,"4":4,"5":2,"6":2,"7":5,"8":4,"9":3,"10":3,"11":7,"12":6,"13":1,"14":5,"15":4,"16":3,"17":6,"18":6,"19":5,"20":1,"21":4,"22":3,"23":3,"24":3,"25":3,"26":12},"f":{"0":1,"1":7,"2":6,"3":5,"4":3,"5":7,"6":6,"7":6,"8":12},"b":{"0":[5,1],"1":[3,3],"2":[2,2],"3":[1,5],"4":[3,1],"5":[1,3],"6":[1,4]},"_coverageSchema":"1a1c01bbd47fc00a2c39e90264f33305004495a9","hash":"ab8d404484aed43d08a4f33701651f5e761319a2"}
,"C:\\Users\\User\\Documents\\tcc\\src\\modules\\disciplines\\repositories\\discipline.repository.ts": {"path":"C:\\Users\\User\\Documents\\tcc\\src\\modules\\disciplines\\repositories\\discipline.repository.ts","statementMap":{"0":{"start":{"line":11,"column":8},"end":{"line":16,"column":10}},"1":{"start":{"line":19,"column":8},"end":{"line":24,"column":10}},"2":{"start":{"line":28,"column":8},"end":{"line":37,"column":10}},"3":{"start":{"line":41,"column":8},"end":{"line":51,"column":10}},"4":{"start":{"line":55,"column":8},"end":{"line":65,"column":10}},"5":{"start":{"line":69,"column":8},"end":{"line":80,"column":10}},"6":{"start":{"line":85,"column":8},"end":{"line":87,"column":10}},"7":{"start":{"line":91,"column":8},"end":{"line":97,"column":10}},"8":{"start":{"line":101,"column":8},"end":{"line":108,"column":10}},"9":{"start":{"line":111,"column":28},"end":{"line":113,"column":10}},"10":{"start":{"line":114,"column":30},"end":{"line":114,"column":56}},"11":{"start":{"line":114,"column":51},"end":{"line":114,"column":55}},"12":{"start":{"line":116,"column":8},"end":{"line":124,"column":9}},"13":{"start":{"line":117,"column":12},"end":{"line":119,"column":14}},"14":{"start":{"line":121,"column":13},"end":{"line":123,"column":14}},"15":{"start":{"line":126,"column":8},"end":{"line":134,"column":10}}},"fnMap":{"0":{"name":"(anonymous_0)","decl":{"start":{"line":7,"column":4},"end":{"line":7,"column":5}},"loc":{"start":{"line":9,"column":6},"end":{"line":9,"column":9}},"line":9},"1":{"name":"(anonymous_1)","decl":{"start":{"line":10,"column":4},"end":{"line":10,"column":5}},"loc":{"start":{"line":10,"column":69},"end":{"line":17,"column":5}},"line":10},"2":{"name":"(anonymous_2)","decl":{"start":{"line":18,"column":4},"end":{"line":18,"column":5}},"loc":{"start":{"line":18,"column":63},"end":{"line":25,"column":5}},"line":18},"3":{"name":"(anonymous_3)","decl":{"start":{"line":27,"column":4},"end":{"line":27,"column":5}},"loc":{"start":{"line":27,"column":59},"end":{"line":38,"column":5}},"line":27},"4":{"name":"(anonymous_4)","decl":{"start":{"line":40,"column":4},"end":{"line":40,"column":5}},"loc":{"start":{"line":40,"column":94},"end":{"line":52,"column":5}},"line":40},"5":{"name":"(anonymous_5)","decl":{"start":{"line":54,"column":4},"end":{"line":54,"column":5}},"loc":{"start":{"line":54,"column":94},"end":{"line":66,"column":5}},"line":54},"6":{"name":"(anonymous_6)","decl":{"start":{"line":68,"column":4},"end":{"line":68,"column":5}},"loc":{"start":{"line":68,"column":92},"end":{"line":81,"column":5}},"line":68},"7":{"name":"(anonymous_7)","decl":{"start":{"line":84,"column":4},"end":{"line":84,"column":5}},"loc":{"start":{"line":84,"column":59},"end":{"line":88,"column":5}},"line":84},"8":{"name":"(anonymous_8)","decl":{"start":{"line":90,"column":4},"end":{"line":90,"column":5}},"loc":{"start":{"line":90,"column":90},"end":{"line":98,"column":5}},"line":90},"9":{"name":"(anonymous_9)","decl":{"start":{"line":100,"column":4},"end":{"line":100,"column":5}},"loc":{"start":{"line":100,"column":58},"end":{"line":109,"column":5}},"line":100},"10":{"name":"(anonymous_10)","decl":{"start":{"line":110,"column":4},"end":{"line":110,"column":5}},"loc":{"start":{"line":110,"column":71},"end":{"line":136,"column":5}},"line":110},"11":{"name":"(anonymous_11)","decl":{"start":{"line":114,"column":46},"end":{"line":114,"column":47}},"loc":{"start":{"line":114,"column":51},"end":{"line":114,"column":55}},"line":114}},"branchMap":{"0":{"loc":{"start":{"line":116,"column":8},"end":{"line":124,"column":9}},"type":"if","locations":[{"start":{"line":116,"column":8},"end":{"line":124,"column":9}},{"start":{},"end":{}}],"line":116}},"s":{"0":3,"1":3,"2":4,"3":4,"4":4,"5":3,"6":11,"7":6,"8":10,"9":3,"10":3,"11":3,"12":3,"13":2,"14":2,"15":3},"f":{"0":1,"1":3,"2":3,"3":4,"4":4,"5":4,"6":3,"7":11,"8":6,"9":10,"10":3,"11":3},"b":{"0":[2,1]},"_coverageSchema":"1a1c01bbd47fc00a2c39e90264f33305004495a9","hash":"be78f12bd6edf12f8450310227b35ad2a48fef2b"}
,"C:\\Users\\User\\Documents\\tcc\\src\\modules\\disciplines\\services\\discipline.service.ts": {"path":"C:\\Users\\User\\Documents\\tcc\\src\\modules\\disciplines\\services\\discipline.service.ts","statementMap":{"0":{"start":{"line":25,"column":8},"end":{"line":25,"column":65}},"1":{"start":{"line":27,"column":28},"end":{"line":27,"column":89}},"2":{"start":{"line":29,"column":8},"end":{"line":29,"column":77}},"3":{"start":{"line":29,"column":47},"end":{"line":29,"column":75}},"4":{"start":{"line":33,"column":23},"end":{"line":33,"column":84}},"5":{"start":{"line":35,"column":8},"end":{"line":35,"column":70}},"6":{"start":{"line":35,"column":21},"end":{"line":35,"column":70}},"7":{"start":{"line":37,"column":8},"end":{"line":37,"column":73}},"8":{"start":{"line":39,"column":27},"end":{"line":43,"column":10}},"9":{"start":{"line":45,"column":8},"end":{"line":45,"column":44}},"10":{"start":{"line":49,"column":27},"end":{"line":51,"column":90}},"11":{"start":{"line":53,"column":8},"end":{"line":53,"column":37}},"12":{"start":{"line":53,"column":25},"end":{"line":53,"column":37}},"13":{"start":{"line":55,"column":8},"end":{"line":55,"column":44}},"14":{"start":{"line":59,"column":28},"end":{"line":59,"column":199}},"15":{"start":{"line":61,"column":8},"end":{"line":61,"column":77}},"16":{"start":{"line":61,"column":47},"end":{"line":61,"column":75}},"17":{"start":{"line":65,"column":27},"end":{"line":65,"column":91}},"18":{"start":{"line":66,"column":8},"end":{"line":66,"column":78}},"19":{"start":{"line":66,"column":25},"end":{"line":66,"column":78}},"20":{"start":{"line":68,"column":8},"end":{"line":68,"column":84}},"21":{"start":{"line":70,"column":34},"end":{"line":73,"column":10}},"22":{"start":{"line":75,"column":8},"end":{"line":75,"column":51}},"23":{"start":{"line":79,"column":8},"end":{"line":90,"column":10}},"24":{"start":{"line":80,"column":31},"end":{"line":82,"column":102}},"25":{"start":{"line":85,"column":12},"end":{"line":85,"column":36}},"26":{"start":{"line":85,"column":29},"end":{"line":85,"column":36}},"27":{"start":{"line":87,"column":12},"end":{"line":87,"column":94}},"28":{"start":{"line":88,"column":12},"end":{"line":88,"column":86}},"29":{"start":{"line":89,"column":12},"end":{"line":89,"column":77}},"30":{"start":{"line":94,"column":8},"end":{"line":101,"column":10}}},"fnMap":{"0":{"name":"(anonymous_0)","decl":{"start":{"line":14,"column":4},"end":{"line":14,"column":5}},"loc":{"start":{"line":20,"column":6},"end":{"line":20,"column":9}},"line":20},"1":{"name":"(anonymous_1)","decl":{"start":{"line":23,"column":4},"end":{"line":23,"column":5}},"loc":{"start":{"line":23,"column":105},"end":{"line":30,"column":5}},"line":23},"2":{"name":"(anonymous_2)","decl":{"start":{"line":29,"column":31},"end":{"line":29,"column":32}},"loc":{"start":{"line":29,"column":47},"end":{"line":29,"column":75}},"line":29},"3":{"name":"(anonymous_3)","decl":{"start":{"line":32,"column":4},"end":{"line":32,"column":5}},"loc":{"start":{"line":32,"column":99},"end":{"line":46,"column":5}},"line":32},"4":{"name":"(anonymous_4)","decl":{"start":{"line":48,"column":4},"end":{"line":48,"column":5}},"loc":{"start":{"line":48,"column":103},"end":{"line":56,"column":5}},"line":48},"5":{"name":"(anonymous_5)","decl":{"start":{"line":58,"column":4},"end":{"line":58,"column":5}},"loc":{"start":{"line":58,"column":103},"end":{"line":62,"column":5}},"line":58},"6":{"name":"(anonymous_6)","decl":{"start":{"line":61,"column":31},"end":{"line":61,"column":32}},"loc":{"start":{"line":61,"column":47},"end":{"line":61,"column":75}},"line":61},"7":{"name":"(anonymous_7)","decl":{"start":{"line":64,"column":4},"end":{"line":64,"column":5}},"loc":{"start":{"line":64,"column":130},"end":{"line":76,"column":5}},"line":64},"8":{"name":"(anonymous_8)","decl":{"start":{"line":78,"column":4},"end":{"line":78,"column":5}},"loc":{"start":{"line":78,"column":81},"end":{"line":91,"column":5}},"line":78},"9":{"name":"(anonymous_9)","decl":{"start":{"line":79,"column":40},"end":{"line":79,"column":41}},"loc":{"start":{"line":79,"column":64},"end":{"line":90,"column":9}},"line":79},"10":{"name":"(anonymous_10)","decl":{"start":{"line":93,"column":4},"end":{"line":93,"column":5}},"loc":{"start":{"line":93,"column":71},"end":{"line":102,"column":5}},"line":93}},"branchMap":{"0":{"loc":{"start":{"line":35,"column":8},"end":{"line":35,"column":70}},"type":"if","locations":[{"start":{"line":35,"column":8},"end":{"line":35,"column":70}},{"start":{},"end":{}}],"line":35},"1":{"loc":{"start":{"line":42,"column":25},"end":{"line":42,"column":49}},"type":"binary-expr","locations":[{"start":{"line":42,"column":25},"end":{"line":42,"column":41}},{"start":{"line":42,"column":45},"end":{"line":42,"column":49}}],"line":42},"2":{"loc":{"start":{"line":49,"column":27},"end":{"line":51,"column":90}},"type":"cond-expr","locations":[{"start":{"line":50,"column":14},"end":{"line":50,"column":68}},{"start":{"line":51,"column":14},"end":{"line":51,"column":90}}],"line":49},"3":{"loc":{"start":{"line":53,"column":8},"end":{"line":53,"column":37}},"type":"if","locations":[{"start":{"line":53,"column":8},"end":{"line":53,"column":37}},{"start":{},"end":{}}],"line":53},"4":{"loc":{"start":{"line":59,"column":28},"end":{"line":59,"column":199}},"type":"cond-expr","locations":[{"start":{"line":59,"column":56},"end":{"line":59,"column":115}},{"start":{"line":59,"column":118},"end":{"line":59,"column":199}}],"line":59},"5":{"loc":{"start":{"line":66,"column":8},"end":{"line":66,"column":78}},"type":"if","locations":[{"start":{"line":66,"column":8},"end":{"line":66,"column":78}},{"start":{},"end":{}}],"line":66},"6":{"loc":{"start":{"line":71,"column":19},"end":{"line":71,"column":89}},"type":"cond-expr","locations":[{"start":{"line":71,"column":32},"end":{"line":71,"column":70}},{"start":{"line":71,"column":73},"end":{"line":71,"column":89}}],"line":71},"7":{"loc":{"start":{"line":72,"column":25},"end":{"line":72,"column":99}},"type":"cond-expr","locations":[{"start":{"line":72,"column":58},"end":{"line":72,"column":74}},{"start":{"line":72,"column":77},"end":{"line":72,"column":99}}],"line":72},"8":{"loc":{"start":{"line":80,"column":31},"end":{"line":82,"column":102}},"type":"cond-expr","locations":[{"start":{"line":81,"column":18},"end":{"line":81,"column":80}},{"start":{"line":82,"column":18},"end":{"line":82,"column":102}}],"line":80},"9":{"loc":{"start":{"line":85,"column":12},"end":{"line":85,"column":36}},"type":"if","locations":[{"start":{"line":85,"column":12},"end":{"line":85,"column":36}},{"start":{},"end":{}}],"line":85}},"s":{"0":5,"1":4,"2":3,"3":3,"4":7,"5":6,"6":1,"7":5,"8":4,"9":3,"10":6,"11":4,"12":2,"13":2,"14":6,"15":4,"16":3,"17":8,"18":7,"19":1,"20":6,"21":5,"22":4,"23":7,"24":7,"25":5,"26":2,"27":3,"28":3,"29":3,"30":15},"f":{"0":1,"1":5,"2":3,"3":7,"4":6,"5":6,"6":3,"7":8,"8":7,"9":7,"10":15},"b":{"0":[1,5],"1":[4,3],"2":[3,3],"3":[2,2],"4":[3,3],"5":[1,6],"6":[3,2],"7":[2,3],"8":[3,4],"9":[2,3]},"_coverageSchema":"1a1c01bbd47fc00a2c39e90264f33305004495a9","hash":"d1b3a5698dda9bd2a2046de27b4b0a0effbb0161"}
,"C:\\Users\\User\\Documents\\tcc\\src\\modules\\goals\\repositories\\goal.repository.ts": {"path":"C:\\Users\\User\\Documents\\tcc\\src\\modules\\goals\\repositories\\goal.repository.ts","statementMap":{"0":{"start":{"line":12,"column":8},"end":{"line":14,"column":10}},"1":{"start":{"line":18,"column":8},"end":{"line":20,"column":10}},"2":{"start":{"line":24,"column":8},"end":{"line":27,"column":10}},"3":{"start":{"line":31,"column":8},"end":{"line":31,"column":45}},"4":{"start":{"line":35,"column":8},"end":{"line":38,"column":10}},"5":{"start":{"line":42,"column":8},"end":{"line":44,"column":10}},"6":{"start":{"line":48,"column":8},"end":{"line":50,"column":10}},"7":{"start":{"line":54,"column":8},"end":{"line":56,"column":10}},"8":{"start":{"line":60,"column":8},"end":{"line":62,"column":10}},"9":{"start":{"line":66,"column":4},"end":{"line":68,"column":6}}},"fnMap":{"0":{"name":"(anonymous_0)","decl":{"start":{"line":7,"column":4},"end":{"line":7,"column":5}},"loc":{"start":{"line":9,"column":6},"end":{"line":9,"column":9}},"line":9},"1":{"name":"(anonymous_1)","decl":{"start":{"line":11,"column":4},"end":{"line":11,"column":5}},"loc":{"start":{"line":11,"column":57},"end":{"line":15,"column":5}},"line":11},"2":{"name":"(anonymous_2)","decl":{"start":{"line":17,"column":4},"end":{"line":17,"column":5}},"loc":{"start":{"line":17,"column":82},"end":{"line":21,"column":5}},"line":17},"3":{"name":"(anonymous_3)","decl":{"start":{"line":23,"column":4},"end":{"line":23,"column":5}},"loc":{"start":{"line":23,"column":59},"end":{"line":28,"column":5}},"line":23},"4":{"name":"(anonymous_4)","decl":{"start":{"line":30,"column":4},"end":{"line":30,"column":5}},"loc":{"start":{"line":30,"column":63},"end":{"line":32,"column":5}},"line":30},"5":{"name":"(anonymous_5)","decl":{"start":{"line":34,"column":4},"end":{"line":34,"column":5}},"loc":{"start":{"line":34,"column":79},"end":{"line":39,"column":5}},"line":34},"6":{"name":"(anonymous_6)","decl":{"start":{"line":41,"column":4},"end":{"line":41,"column":5}},"loc":{"start":{"line":41,"column":48},"end":{"line":45,"column":5}},"line":41},"7":{"name":"(anonymous_7)","decl":{"start":{"line":47,"column":4},"end":{"line":47,"column":5}},"loc":{"start":{"line":47,"column":67},"end":{"line":51,"column":5}},"line":47},"8":{"name":"(anonymous_8)","decl":{"start":{"line":53,"column":4},"end":{"line":53,"column":5}},"loc":{"start":{"line":53,"column":67},"end":{"line":57,"column":5}},"line":53},"9":{"name":"(anonymous_9)","decl":{"start":{"line":59,"column":4},"end":{"line":59,"column":5}},"loc":{"start":{"line":59,"column":75},"end":{"line":63,"column":5}},"line":59},"10":{"name":"(anonymous_10)","decl":{"start":{"line":65,"column":4},"end":{"line":65,"column":5}},"loc":{"start":{"line":65,"column":59},"end":{"line":69,"column":1}},"line":65}},"branchMap":{},"s":{"0":2,"1":3,"2":4,"3":9,"4":6,"5":2,"6":2,"7":2,"8":2,"9":3},"f":{"0":1,"1":2,"2":3,"3":4,"4":9,"5":6,"6":2,"7":2,"8":2,"9":2,"10":3},"b":{},"_coverageSchema":"1a1c01bbd47fc00a2c39e90264f33305004495a9","hash":"d9da9278c79ded191f0fda7d1ef8ee5b19a6fa8b"}
,"C:\\Users\\User\\Documents\\tcc\\src\\modules\\goals\\services\\goal.service.ts": {"path":"C:\\Users\\User\\Documents\\tcc\\src\\modules\\goals\\services\\goal.service.ts","statementMap":{"0":{"start":{"line":32,"column":26},"end":{"line":32,"column":67}},"1":{"start":{"line":34,"column":24},"end":{"line":34,"column":85}},"2":{"start":{"line":36,"column":8},"end":{"line":36,"column":48}},"3":{"start":{"line":38,"column":8},"end":{"line":40,"column":9}},"4":{"start":{"line":39,"column":12},"end":{"line":39,"column":79}},"5":{"start":{"line":42,"column":23},"end":{"line":42,"column":88}},"6":{"start":{"line":43,"column":8},"end":{"line":43,"column":90}},"7":{"start":{"line":43,"column":31},"end":{"line":43,"column":90}},"8":{"start":{"line":45,"column":24},"end":{"line":45,"column":82}},"9":{"start":{"line":47,"column":8},"end":{"line":60,"column":9}},"10":{"start":{"line":48,"column":27},"end":{"line":48,"column":92}},"11":{"start":{"line":49,"column":12},"end":{"line":49,"column":72}},"12":{"start":{"line":49,"column":25},"end":{"line":49,"column":72}},"13":{"start":{"line":51,"column":15},"end":{"line":60,"column":9}},"14":{"start":{"line":52,"column":27},"end":{"line":52,"column":88}},"15":{"start":{"line":53,"column":12},"end":{"line":53,"column":73}},"16":{"start":{"line":53,"column":25},"end":{"line":53,"column":73}},"17":{"start":{"line":54,"column":12},"end":{"line":54,"column":101}},"18":{"start":{"line":54,"column":50},"end":{"line":54,"column":101}},"19":{"start":{"line":56,"column":15},"end":{"line":60,"column":9}},"20":{"start":{"line":57,"column":27},"end":{"line":57,"column":96}},"21":{"start":{"line":58,"column":12},"end":{"line":58,"column":77}},"22":{"start":{"line":58,"column":25},"end":{"line":58,"column":77}},"23":{"start":{"line":59,"column":12},"end":{"line":59,"column":108}},"24":{"start":{"line":59,"column":57},"end":{"line":59,"column":108}},"25":{"start":{"line":62,"column":21},"end":{"line":72,"column":10}},"26":{"start":{"line":74,"column":8},"end":{"line":74,"column":38}},"27":{"start":{"line":78,"column":21},"end":{"line":80,"column":78}},"28":{"start":{"line":82,"column":8},"end":{"line":82,"column":31}},"29":{"start":{"line":82,"column":19},"end":{"line":82,"column":31}},"30":{"start":{"line":84,"column":8},"end":{"line":84,"column":38}},"31":{"start":{"line":89,"column":8},"end":{"line":89,"column":65}},"32":{"start":{"line":91,"column":22},"end":{"line":91,"column":77}},"33":{"start":{"line":93,"column":8},"end":{"line":93,"column":59}},"34":{"start":{"line":93,"column":35},"end":{"line":93,"column":57}},"35":{"start":{"line":97,"column":21},"end":{"line":99,"column":78}},"36":{"start":{"line":102,"column":8},"end":{"line":102,"column":66}},"37":{"start":{"line":102,"column":19},"end":{"line":102,"column":66}},"38":{"start":{"line":106,"column":22},"end":{"line":106,"column":34}},"39":{"start":{"line":108,"column":8},"end":{"line":118,"column":9}},"40":{"start":{"line":109,"column":12},"end":{"line":117,"column":13}},"41":{"start":{"line":110,"column":16},"end":{"line":110,"column":31}},"42":{"start":{"line":112,"column":31},"end":{"line":112,"column":70}},"43":{"start":{"line":114,"column":16},"end":{"line":114,"column":61}},"44":{"start":{"line":116,"column":16},"end":{"line":116,"column":33}},"45":{"start":{"line":120,"column":8},"end":{"line":122,"column":9}},"46":{"start":{"line":121,"column":12},"end":{"line":121,"column":79}},"47":{"start":{"line":124,"column":28},"end":{"line":128,"column":10}},"48":{"start":{"line":130,"column":8},"end":{"line":130,"column":45}},"49":{"start":{"line":134,"column":21},"end":{"line":136,"column":78}},"50":{"start":{"line":139,"column":8},"end":{"line":139,"column":26}},"51":{"start":{"line":139,"column":19},"end":{"line":139,"column":26}},"52":{"start":{"line":141,"column":8},"end":{"line":141,"column":49}},"53":{"start":{"line":145,"column":8},"end":{"line":147,"column":9}},"54":{"start":{"line":146,"column":12},"end":{"line":146,"column":90}},"55":{"start":{"line":151,"column":8},"end":{"line":165,"column":10}}},"fnMap":{"0":{"name":"(anonymous_0)","decl":{"start":{"line":19,"column":4},"end":{"line":19,"column":5}},"loc":{"start":{"line":28,"column":6},"end":{"line":28,"column":9}},"line":28},"1":{"name":"(anonymous_1)","decl":{"start":{"line":30,"column":4},"end":{"line":30,"column":5}},"loc":{"start":{"line":30,"column":87},"end":{"line":75,"column":5}},"line":30},"2":{"name":"(anonymous_2)","decl":{"start":{"line":77,"column":4},"end":{"line":77,"column":5}},"loc":{"start":{"line":77,"column":91},"end":{"line":85,"column":5}},"line":77},"3":{"name":"(anonymous_3)","decl":{"start":{"line":87,"column":4},"end":{"line":87,"column":5}},"loc":{"start":{"line":87,"column":99},"end":{"line":94,"column":5}},"line":87},"4":{"name":"(anonymous_4)","decl":{"start":{"line":93,"column":25},"end":{"line":93,"column":26}},"loc":{"start":{"line":93,"column":35},"end":{"line":93,"column":57}},"line":93},"5":{"name":"(anonymous_5)","decl":{"start":{"line":96,"column":4},"end":{"line":96,"column":5}},"loc":{"start":{"line":96,"column":103},"end":{"line":131,"column":5}},"line":96},"6":{"name":"(anonymous_6)","decl":{"start":{"line":133,"column":4},"end":{"line":133,"column":5}},"loc":{"start":{"line":133,"column":71},"end":{"line":142,"column":5}},"line":133},"7":{"name":"(anonymous_7)","decl":{"start":{"line":144,"column":4},"end":{"line":144,"column":5}},"loc":{"start":{"line":144,"column":67},"end":{"line":148,"column":5}},"line":144},"8":{"name":"(anonymous_8)","decl":{"start":{"line":150,"column":4},"end":{"line":150,"column":5}},"loc":{"start":{"line":150,"column":53},"end":{"line":166,"column":5}},"line":150}},"branchMap":{"0":{"loc":{"start":{"line":34,"column":24},"end":{"line":34,"column":85}},"type":"cond-expr","locations":[{"start":{"line":34,"column":39},"end":{"line":34,"column":78}},{"start":{"line":34,"column":81},"end":{"line":34,"column":85}}],"line":34},"1":{"loc":{"start":{"line":38,"column":8},"end":{"line":40,"column":9}},"type":"if","locations":[{"start":{"line":38,"column":8},"end":{"line":40,"column":9}},{"start":{},"end":{}}],"line":38},"2":{"loc":{"start":{"line":43,"column":8},"end":{"line":43,"column":90}},"type":"if","locations":[{"start":{"line":43,"column":8},"end":{"line":43,"column":90}},{"start":{},"end":{}}],"line":43},"3":{"loc":{"start":{"line":47,"column":8},"end":{"line":60,"column":9}},"type":"if","locations":[{"start":{"line":47,"column":8},"end":{"line":60,"column":9}},{"start":{"line":51,"column":15},"end":{"line":60,"column":9}}],"line":47},"4":{"loc":{"start":{"line":49,"column":12},"end":{"line":49,"column":72}},"type":"if","locations":[{"start":{"line":49,"column":12},"end":{"line":49,"column":72}},{"start":{},"end":{}}],"line":49},"5":{"loc":{"start":{"line":51,"column":15},"end":{"line":60,"column":9}},"type":"if","locations":[{"start":{"line":51,"column":15},"end":{"line":60,"column":9}},{"start":{"line":56,"column":15},"end":{"line":60,"column":9}}],"line":51},"6":{"loc":{"start":{"line":53,"column":12},"end":{"line":53,"column":73}},"type":"if","locations":[{"start":{"line":53,"column":12},"end":{"line":53,"column":73}},{"start":{},"end":{}}],"line":53},"7":{"loc":{"start":{"line":54,"column":12},"end":{"line":54,"column":101}},"type":"if","locations":[{"start":{"line":54,"column":12},"end":{"line":54,"column":101}},{"start":{},"end":{}}],"line":54},"8":{"loc":{"start":{"line":56,"column":15},"end":{"line":60,"column":9}},"type":"if","locations":[{"start":{"line":56,"column":15},"end":{"line":60,"column":9}},{"start":{},"end":{}}],"line":56},"9":{"loc":{"start":{"line":58,"column":12},"end":{"line":58,"column":77}},"type":"if","locations":[{"start":{"line":58,"column":12},"end":{"line":58,"column":77}},{"start":{},"end":{}}],"line":58},"10":{"loc":{"start":{"line":59,"column":12},"end":{"line":59,"column":108}},"type":"if","locations":[{"start":{"line":59,"column":12},"end":{"line":59,"column":108}},{"start":{},"end":{}}],"line":59},"11":{"loc":{"start":{"line":63,"column":22},"end":{"line":63,"column":43}},"type":"binary-expr","locations":[{"start":{"line":63,"column":22},"end":{"line":63,"column":35}},{"start":{"line":63,"column":39},"end":{"line":63,"column":43}}],"line":63},"12":{"loc":{"start":{"line":64,"column":22},"end":{"line":64,"column":43}},"type":"binary-expr","locations":[{"start":{"line":64,"column":22},"end":{"line":64,"column":35}},{"start":{"line":64,"column":39},"end":{"line":64,"column":43}}],"line":64},"13":{"loc":{"start":{"line":65,"column":26},"end":{"line":65,"column":51}},"type":"binary-expr","locations":[{"start":{"line":65,"column":26},"end":{"line":65,"column":43}},{"start":{"line":65,"column":47},"end":{"line":65,"column":51}}],"line":65},"14":{"loc":{"start":{"line":78,"column":21},"end":{"line":80,"column":78}},"type":"cond-expr","locations":[{"start":{"line":79,"column":14},"end":{"line":79,"column":56}},{"start":{"line":80,"column":14},"end":{"line":80,"column":78}}],"line":78},"15":{"loc":{"start":{"line":82,"column":8},"end":{"line":82,"column":31}},"type":"if","locations":[{"start":{"line":82,"column":8},"end":{"line":82,"column":31}},{"start":{},"end":{}}],"line":82},"16":{"loc":{"start":{"line":97,"column":21},"end":{"line":99,"column":78}},"type":"cond-expr","locations":[{"start":{"line":98,"column":14},"end":{"line":98,"column":56}},{"start":{"line":99,"column":14},"end":{"line":99,"column":78}}],"line":97},"17":{"loc":{"start":{"line":102,"column":8},"end":{"line":102,"column":66}},"type":"if","locations":[{"start":{"line":102,"column":8},"end":{"line":102,"column":66}},{"start":{},"end":{}}],"line":102},"18":{"loc":{"start":{"line":108,"column":8},"end":{"line":118,"column":9}},"type":"if","locations":[{"start":{"line":108,"column":8},"end":{"line":118,"column":9}},{"start":{},"end":{}}],"line":108},"19":{"loc":{"start":{"line":109,"column":12},"end":{"line":117,"column":13}},"type":"if","locations":[{"start":{"line":109,"column":12},"end":{"line":117,"column":13}},{"start":{"line":111,"column":19},"end":{"line":117,"column":13}}],"line":109},"20":{"loc":{"start":{"line":120,"column":8},"end":{"line":122,"column":9}},"type":"if","locations":[{"start":{"line":120,"column":8},"end":{"line":122,"column":9}},{"start":{},"end":{}}],"line":120},"21":{"loc":{"start":{"line":120,"column":12},"end":{"line":120,"column":71}},"type":"binary-expr","locations":[{"start":{"line":120,"column":12},"end":{"line":120,"column":44}},{"start":{"line":120,"column":48},"end":{"line":120,"column":71}}],"line":120},"22":{"loc":{"start":{"line":125,"column":19},"end":{"line":125,"column":83}},"type":"cond-expr","locations":[{"start":{"line":125,"column":32},"end":{"line":125,"column":70}},{"start":{"line":125,"column":73},"end":{"line":125,"column":83}}],"line":125},"23":{"loc":{"start":{"line":126,"column":27},"end":{"line":126,"column":67}},"type":"binary-expr","locations":[{"start":{"line":126,"column":27},"end":{"line":126,"column":45}},{"start":{"line":126,"column":49},"end":{"line":126,"column":67}}],"line":126},"24":{"loc":{"start":{"line":134,"column":21},"end":{"line":136,"column":78}},"type":"cond-expr","locations":[{"start":{"line":135,"column":14},"end":{"line":135,"column":56}},{"start":{"line":136,"column":14},"end":{"line":136,"column":78}}],"line":134},"25":{"loc":{"start":{"line":139,"column":8},"end":{"line":139,"column":26}},"type":"if","locations":[{"start":{"line":139,"column":8},"end":{"line":139,"column":26}},{"start":{},"end":{}}],"line":139},"26":{"loc":{"start":{"line":145,"column":8},"end":{"line":147,"column":9}},"type":"if","locations":[{"start":{"line":145,"column":8},"end":{"line":147,"column":9}},{"start":{},"end":{}}],"line":145},"27":{"loc":{"start":{"line":145,"column":12},"end":{"line":145,"column":42}},"type":"binary-expr","locations":[{"start":{"line":145,"column":12},"end":{"line":145,"column":19}},{"start":{"line":145,"column":23},"end":{"line":145,"column":42}}],"line":145},"28":{"loc":{"start":{"line":162,"column":21},"end":{"line":162,"column":69}},"type":"cond-expr","locations":[{"start":{"line":162,"column":36},"end":{"line":162,"column":62}},{"start":{"line":162,"column":65},"end":{"line":162,"column":69}}],"line":162}},"s":{"0":16,"1":16,"2":16,"3":14,"4":1,"5":13,"6":13,"7":1,"8":12,"9":11,"10":2,"11":2,"12":1,"13":9,"14":3,"15":3,"16":1,"17":2,"18":1,"19":6,"20":3,"21":3,"22":1,"23":2,"24":1,"25":6,"26":5,"27":6,"28":4,"29":2,"30":2,"31":5,"32":4,"33":3,"34":3,"35":13,"36":12,"37":2,"38":10,"39":10,"40":3,"41":1,"42":2,"43":2,"44":1,"45":9,"46":1,"47":8,"48":7,"49":7,"50":5,"51":2,"52":3,"53":18,"54":3,"55":17},"f":{"0":1,"1":16,"2":6,"3":5,"4":3,"5":13,"6":7,"7":18,"8":17},"b":{"0":[2,14],"1":[1,13],"2":[1,12],"3":[2,9],"4":[1,1],"5":[3,6],"6":[1,2],"7":[1,1],"8":[3,3],"9":[1,2],"10":[1,1],"11":[6,5],"12":[6,5],"13":[6,5],"14":[3,3],"15":[2,2],"16":[2,11],"17":[2,10],"18":[3,7],"19":[1,2],"20":[1,8],"21":[9,2],"22":[5,3],"23":[8,7],"24":[3,4],"25":[2,3],"26":[3,15],"27":[18,4],"28":[16,1]},"_coverageSchema":"1a1c01bbd47fc00a2c39e90264f33305004495a9","hash":"8a34dd111d4d13ad06cebb2c4369a705a9cc7732"}
,"C:\\Users\\User\\Documents\\tcc\\src\\modules\\modules\\repositories\\module.repository.ts": {"path":"C:\\Users\\User\\Documents\\tcc\\src\\modules\\modules\\repositories\\module.repository.ts","statementMap":{"0":{"start":{"line":10,"column":4},"end":{"line":12,"column":7}},"1":{"start":{"line":17,"column":4},"end":{"line":19,"column":7}},"2":{"start":{"line":23,"column":4},"end":{"line":33,"column":6}},"3":{"start":{"line":37,"column":4},"end":{"line":44,"column":7}},"4":{"start":{"line":51,"column":4},"end":{"line":59,"column":7}},"5":{"start":{"line":66,"column":4},"end":{"line":74,"column":7}},"6":{"start":{"line":78,"column":4},"end":{"line":80,"column":7}},"7":{"start":{"line":84,"column":4},"end":{"line":87,"column":7}},"8":{"start":{"line":91,"column":4},"end":{"line":95,"column":7}},"9":{"start":{"line":100,"column":20},"end":{"line":102,"column":6}},"10":{"start":{"line":104,"column":22},"end":{"line":104,"column":46}},"11":{"start":{"line":104,"column":41},"end":{"line":104,"column":45}},"12":{"start":{"line":106,"column":4},"end":{"line":136,"column":5}},"13":{"start":{"line":107,"column":28},"end":{"line":109,"column":10}},"14":{"start":{"line":110,"column":30},"end":{"line":110,"column":56}},"15":{"start":{"line":110,"column":51},"end":{"line":110,"column":55}},"16":{"start":{"line":112,"column":8},"end":{"line":121,"column":9}},"17":{"start":{"line":113,"column":12},"end":{"line":115,"column":14}},"18":{"start":{"line":117,"column":12},"end":{"line":119,"column":10}},"19":{"start":{"line":123,"column":8},"end":{"line":125,"column":10}},"20":{"start":{"line":128,"column":8},"end":{"line":130,"column":10}},"21":{"start":{"line":132,"column":8},"end":{"line":135,"column":11}},"22":{"start":{"line":138,"column":4},"end":{"line":141,"column":7}}},"fnMap":{"0":{"name":"(anonymous_0)","decl":{"start":{"line":8,"column":2},"end":{"line":8,"column":3}},"loc":{"start":{"line":8,"column":77},"end":{"line":8,"column":79}},"line":8},"1":{"name":"(anonymous_1)","decl":{"start":{"line":9,"column":2},"end":{"line":9,"column":3}},"loc":{"start":{"line":9,"column":59},"end":{"line":13,"column":3}},"line":9},"2":{"name":"(anonymous_2)","decl":{"start":{"line":16,"column":2},"end":{"line":16,"column":3}},"loc":{"start":{"line":16,"column":63},"end":{"line":20,"column":3}},"line":16},"3":{"name":"(anonymous_3)","decl":{"start":{"line":22,"column":2},"end":{"line":22,"column":3}},"loc":{"start":{"line":22,"column":82},"end":{"line":34,"column":3}},"line":22},"4":{"name":"(anonymous_4)","decl":{"start":{"line":36,"column":2},"end":{"line":36,"column":3}},"loc":{"start":{"line":36,"column":53},"end":{"line":45,"column":3}},"line":36},"5":{"name":"(anonymous_5)","decl":{"start":{"line":47,"column":2},"end":{"line":47,"column":3}},"loc":{"start":{"line":50,"column":23},"end":{"line":60,"column":3}},"line":50},"6":{"name":"(anonymous_6)","decl":{"start":{"line":62,"column":2},"end":{"line":62,"column":3}},"loc":{"start":{"line":65,"column":28},"end":{"line":75,"column":3}},"line":65},"7":{"name":"(anonymous_7)","decl":{"start":{"line":77,"column":2},"end":{"line":77,"column":3}},"loc":{"start":{"line":77,"column":49},"end":{"line":81,"column":3}},"line":77},"8":{"name":"(anonymous_8)","decl":{"start":{"line":83,"column":2},"end":{"line":83,"column":3}},"loc":{"start":{"line":83,"column":76},"end":{"line":88,"column":3}},"line":83},"9":{"name":"(anonymous_9)","decl":{"start":{"line":90,"column":2},"end":{"line":90,"column":3}},"loc":{"start":{"line":90,"column":52},"end":{"line":96,"column":3}},"line":90},"10":{"name":"(anonymous_10)","decl":{"start":{"line":99,"column":0},"end":{"line":99,"column":1}},"loc":{"start":{"line":99,"column":67},"end":{"line":142,"column":1}},"line":99},"11":{"name":"(anonymous_11)","decl":{"start":{"line":104,"column":34},"end":{"line":104,"column":35}},"loc":{"start":{"line":104,"column":41},"end":{"line":104,"column":45}},"line":104},"12":{"name":"(anonymous_12)","decl":{"start":{"line":110,"column":46},"end":{"line":110,"column":47}},"loc":{"start":{"line":110,"column":51},"end":{"line":110,"column":55}},"line":110}},"branchMap":{"0":{"loc":{"start":{"line":106,"column":4},"end":{"line":136,"column":5}},"type":"if","locations":[{"start":{"line":106,"column":4},"end":{"line":136,"column":5}},{"start":{},"end":{}}],"line":106},"1":{"loc":{"start":{"line":112,"column":8},"end":{"line":121,"column":9}},"type":"if","locations":[{"start":{"line":112,"column":8},"end":{"line":121,"column":9}},{"start":{},"end":{}}],"line":112}},"s":{"0":3,"1":3,"2":4,"3":4,"4":3,"5":4,"6":12,"7":6,"8":10,"9":7,"10":7,"11":6,"12":7,"13":5,"14":5,"15":2,"16":5,"17":2,"18":2,"19":5,"20":5,"21":5,"22":7},"f":{"0":5,"1":3,"2":3,"3":4,"4":4,"5":3,"6":4,"7":12,"8":6,"9":10,"10":7,"11":6,"12":2},"b":{"0":[5,2],"1":[2,3]},"_coverageSchema":"1a1c01bbd47fc00a2c39e90264f33305004495a9","hash":"ac290652413cc759083e5521ba6e1d0f22fc0cc8"}
,"C:\\Users\\User\\Documents\\tcc\\src\\modules\\modules\\services\\module.service.ts": {"path":"C:\\Users\\User\\Documents\\tcc\\src\\modules\\modules\\services\\module.service.ts","statementMap":{"0":{"start":{"line":25,"column":8},"end":{"line":25,"column":65}},"1":{"start":{"line":27,"column":24},"end":{"line":27,"column":81}},"2":{"start":{"line":29,"column":8},"end":{"line":29,"column":44}},"3":{"start":{"line":29,"column":34},"end":{"line":29,"column":44}},"4":{"start":{"line":31,"column":8},"end":{"line":31,"column":65}},"5":{"start":{"line":31,"column":39},"end":{"line":31,"column":63}},"6":{"start":{"line":35,"column":23},"end":{"line":35,"column":74}},"7":{"start":{"line":37,"column":8},"end":{"line":37,"column":69}},"8":{"start":{"line":37,"column":21},"end":{"line":37,"column":69}},"9":{"start":{"line":39,"column":8},"end":{"line":39,"column":66}},"10":{"start":{"line":41,"column":23},"end":{"line":45,"column":10}},"11":{"start":{"line":47,"column":8},"end":{"line":47,"column":40}},"12":{"start":{"line":51,"column":23},"end":{"line":53,"column":82}},"13":{"start":{"line":55,"column":8},"end":{"line":55,"column":33}},"14":{"start":{"line":55,"column":21},"end":{"line":55,"column":33}},"15":{"start":{"line":57,"column":8},"end":{"line":57,"column":40}},"16":{"start":{"line":61,"column":24},"end":{"line":61,"column":187}},"17":{"start":{"line":63,"column":8},"end":{"line":63,"column":65}},"18":{"start":{"line":63,"column":39},"end":{"line":63,"column":63}},"19":{"start":{"line":67,"column":23},"end":{"line":67,"column":79}},"20":{"start":{"line":68,"column":8},"end":{"line":68,"column":70}},"21":{"start":{"line":68,"column":21},"end":{"line":68,"column":70}},"22":{"start":{"line":70,"column":8},"end":{"line":70,"column":73}},"23":{"start":{"line":72,"column":30},"end":{"line":75,"column":10}},"24":{"start":{"line":77,"column":8},"end":{"line":77,"column":47}},"25":{"start":{"line":81,"column":8},"end":{"line":93,"column":10}},"26":{"start":{"line":82,"column":27},"end":{"line":84,"column":94}},"27":{"start":{"line":87,"column":12},"end":{"line":87,"column":32}},"28":{"start":{"line":87,"column":25},"end":{"line":87,"column":32}},"29":{"start":{"line":89,"column":12},"end":{"line":89,"column":86}},"30":{"start":{"line":90,"column":12},"end":{"line":90,"column":78}},"31":{"start":{"line":91,"column":12},"end":{"line":91,"column":88}},"32":{"start":{"line":92,"column":12},"end":{"line":92,"column":69}},"33":{"start":{"line":97,"column":8},"end":{"line":104,"column":10}}},"fnMap":{"0":{"name":"(anonymous_0)","decl":{"start":{"line":14,"column":4},"end":{"line":14,"column":5}},"loc":{"start":{"line":20,"column":6},"end":{"line":20,"column":9}},"line":20},"1":{"name":"(anonymous_1)","decl":{"start":{"line":23,"column":4},"end":{"line":23,"column":5}},"loc":{"start":{"line":23,"column":101},"end":{"line":32,"column":5}},"line":23},"2":{"name":"(anonymous_2)","decl":{"start":{"line":31,"column":27},"end":{"line":31,"column":28}},"loc":{"start":{"line":31,"column":39},"end":{"line":31,"column":63}},"line":31},"3":{"name":"(anonymous_3)","decl":{"start":{"line":34,"column":4},"end":{"line":34,"column":5}},"loc":{"start":{"line":34,"column":91},"end":{"line":48,"column":5}},"line":34},"4":{"name":"(anonymous_4)","decl":{"start":{"line":50,"column":4},"end":{"line":50,"column":5}},"loc":{"start":{"line":50,"column":95},"end":{"line":58,"column":5}},"line":50},"5":{"name":"(anonymous_5)","decl":{"start":{"line":60,"column":4},"end":{"line":60,"column":5}},"loc":{"start":{"line":60,"column":99},"end":{"line":64,"column":5}},"line":60},"6":{"name":"(anonymous_6)","decl":{"start":{"line":63,"column":27},"end":{"line":63,"column":28}},"loc":{"start":{"line":63,"column":39},"end":{"line":63,"column":63}},"line":63},"7":{"name":"(anonymous_7)","decl":{"start":{"line":66,"column":4},"end":{"line":66,"column":5}},"loc":{"start":{"line":66,"column":118},"end":{"line":78,"column":5}},"line":66},"8":{"name":"(anonymous_8)","decl":{"start":{"line":80,"column":4},"end":{"line":80,"column":5}},"loc":{"start":{"line":80,"column":77},"end":{"line":94,"column":5}},"line":80},"9":{"name":"(anonymous_9)","decl":{"start":{"line":81,"column":40},"end":{"line":81,"column":41}},"loc":{"start":{"line":81,"column":64},"end":{"line":93,"column":9}},"line":81},"10":{"name":"(anonymous_10)","decl":{"start":{"line":96,"column":4},"end":{"line":96,"column":5}},"loc":{"start":{"line":96,"column":59},"end":{"line":105,"column":5}},"line":96}},"branchMap":{"0":{"loc":{"start":{"line":29,"column":8},"end":{"line":29,"column":44}},"type":"if","locations":[{"start":{"line":29,"column":8},"end":{"line":29,"column":44}},{"start":{},"end":{}}],"line":29},"1":{"loc":{"start":{"line":37,"column":8},"end":{"line":37,"column":69}},"type":"if","locations":[{"start":{"line":37,"column":8},"end":{"line":37,"column":69}},{"start":{},"end":{}}],"line":37},"2":{"loc":{"start":{"line":44,"column":25},"end":{"line":44,"column":49}},"type":"binary-expr","locations":[{"start":{"line":44,"column":25},"end":{"line":44,"column":41}},{"start":{"line":44,"column":45},"end":{"line":44,"column":49}}],"line":44},"3":{"loc":{"start":{"line":51,"column":23},"end":{"line":53,"column":82}},"type":"cond-expr","locations":[{"start":{"line":52,"column":14},"end":{"line":52,"column":60}},{"start":{"line":53,"column":14},"end":{"line":53,"column":82}}],"line":51},"4":{"loc":{"start":{"line":55,"column":8},"end":{"line":55,"column":33}},"type":"if","locations":[{"start":{"line":55,"column":8},"end":{"line":55,"column":33}},{"start":{},"end":{}}],"line":55},"5":{"loc":{"start":{"line":61,"column":24},"end":{"line":61,"column":187}},"type":"cond-expr","locations":[{"start":{"line":61,"column":52},"end":{"line":61,"column":107}},{"start":{"line":61,"column":110},"end":{"line":61,"column":187}}],"line":61},"6":{"loc":{"start":{"line":68,"column":8},"end":{"line":68,"column":70}},"type":"if","locations":[{"start":{"line":68,"column":8},"end":{"line":68,"column":70}},{"start":{},"end":{}}],"line":68},"7":{"loc":{"start":{"line":73,"column":19},"end":{"line":73,"column":85}},"type":"cond-expr","locations":[{"start":{"line":73,"column":32},"end":{"line":73,"column":70}},{"start":{"line":73,"column":73},"end":{"line":73,"column":85}}],"line":73},"8":{"loc":{"start":{"line":74,"column":25},"end":{"line":74,"column":95}},"type":"cond-expr","locations":[{"start":{"line":74,"column":58},"end":{"line":74,"column":74}},{"start":{"line":74,"column":77},"end":{"line":74,"column":95}}],"line":74},"9":{"loc":{"start":{"line":82,"column":27},"end":{"line":84,"column":94}},"type":"cond-expr","locations":[{"start":{"line":83,"column":18},"end":{"line":83,"column":72}},{"start":{"line":84,"column":18},"end":{"line":84,"column":94}}],"line":82},"10":{"loc":{"start":{"line":87,"column":12},"end":{"line":87,"column":32}},"type":"if","locations":[{"start":{"line":87,"column":12},"end":{"line":87,"column":32}},{"start":{},"end":{}}],"line":87}},"s":{"0":5,"1":4,"2":3,"3":1,"4":2,"5":3,"6":7,"7":6,"8":1,"9":5,"10":4,"11":3,"12":6,"13":4,"14":2,"15":2,"16":6,"17":4,"18":3,"19":8,"20":7,"21":1,"22":6,"23":5,"24":4,"25":8,"26":8,"27":6,"28":2,"29":4,"30":4,"31":4,"32":3,"33":15},"f":{"0":1,"1":5,"2":3,"3":7,"4":6,"5":6,"6":3,"7":8,"8":8,"9":8,"10":15},"b":{"0":[1,2],"1":[1,5],"2":[4,3],"3":[3,3],"4":[2,2],"5":[3,3],"6":[1,6],"7":[3,2],"8":[2,3],"9":[3,5],"10":[2,4]},"_coverageSchema":"1a1c01bbd47fc00a2c39e90264f33305004495a9","hash":"480cbc43353f5a916bfddd1eaf31c89ddc3a7e8e"}
,"C:\\Users\\User\\Documents\\tcc\\src\\modules\\sessions\\repositories\\session.repository.ts": {"path":"C:\\Users\\User\\Documents\\tcc\\src\\modules\\sessions\\repositories\\session.repository.ts","statementMap":{"0":{"start":{"line":10,"column":8},"end":{"line":21,"column":10}},"1":{"start":{"line":25,"column":8},"end":{"line":34,"column":6}},"2":{"start":{"line":38,"column":9},"end":{"line":43,"column":10}},"3":{"start":{"line":47,"column":8},"end":{"line":49,"column":10}},"4":{"start":{"line":53,"column":9},"end":{"line":58,"column":10}},"5":{"start":{"line":62,"column":8},"end":{"line":69,"column":10}},"6":{"start":{"line":73,"column":8},"end":{"line":76,"column":4}}},"fnMap":{"0":{"name":"(anonymous_0)","decl":{"start":{"line":8,"column":4},"end":{"line":8,"column":5}},"loc":{"start":{"line":8,"column":79},"end":{"line":8,"column":81}},"line":8},"1":{"name":"(anonymous_1)","decl":{"start":{"line":9,"column":4},"end":{"line":9,"column":5}},"loc":{"start":{"line":9,"column":69},"end":{"line":22,"column":5}},"line":9},"2":{"name":"(anonymous_2)","decl":{"start":{"line":24,"column":4},"end":{"line":24,"column":5}},"loc":{"start":{"line":24,"column":91},"end":{"line":35,"column":5}},"line":24},"3":{"name":"(anonymous_3)","decl":{"start":{"line":37,"column":4},"end":{"line":37,"column":5}},"loc":{"start":{"line":37,"column":31},"end":{"line":44,"column":5}},"line":37},"4":{"name":"(anonymous_4)","decl":{"start":{"line":46,"column":4},"end":{"line":46,"column":5}},"loc":{"start":{"line":46,"column":41},"end":{"line":50,"column":5}},"line":46},"5":{"name":"(anonymous_5)","decl":{"start":{"line":52,"column":4},"end":{"line":52,"column":5}},"loc":{"start":{"line":52,"column":35},"end":{"line":59,"column":5}},"line":52},"6":{"name":"(anonymous_6)","decl":{"start":{"line":61,"column":4},"end":{"line":61,"column":5}},"loc":{"start":{"line":61,"column":40},"end":{"line":70,"column":5}},"line":61},"7":{"name":"(anonymous_7)","decl":{"start":{"line":72,"column":4},"end":{"line":72,"column":5}},"loc":{"start":{"line":72,"column":48},"end":{"line":77,"column":1}},"line":72}},"branchMap":{},"s":{"0":1,"1":3,"2":4,"3":9,"4":3,"5":1,"6":1},"f":{"0":1,"1":1,"2":3,"3":4,"4":9,"5":3,"6":1,"7":1},"b":{},"_coverageSchema":"1a1c01bbd47fc00a2c39e90264f33305004495a9","hash":"913784a2727aa292af8cd6d7793395ec6d6c3066"}
,"C:\\Users\\User\\Documents\\tcc\\src\\modules\\sessions\\services\\session.service.ts": {"path":"C:\\Users\\User\\Documents\\tcc\\src\\modules\\sessions\\services\\session.service.ts","statementMap":{"0":{"start":{"line":20,"column":19},"end":{"line":20,"column":31}},"1":{"start":{"line":23,"column":25},"end":{"line":23,"column":53}},"2":{"start":{"line":26,"column":22},"end":{"line":26,"column":68}},"3":{"start":{"line":30,"column":20},"end":{"line":34,"column":6}},"4":{"start":{"line":37,"column":4},"end":{"line":42,"column":6}},"5":{"start":{"line":47,"column":32},"end":{"line":47,"column":55}},"6":{"start":{"line":49,"column":4},"end":{"line":50,"column":58}},"7":{"start":{"line":50,"column":6},"end":{"line":50,"column":58}},"8":{"start":{"line":52,"column":47},"end":{"line":52,"column":96}},"9":{"start":{"line":53,"column":4},"end":{"line":54,"column":51}},"10":{"start":{"line":54,"column":6},"end":{"line":54,"column":51}},"11":{"start":{"line":56,"column":4},"end":{"line":56,"column":79}},"12":{"start":{"line":56,"column":32},"end":{"line":56,"column":79}},"13":{"start":{"line":59,"column":4},"end":{"line":62,"column":5}},"14":{"start":{"line":60,"column":6},"end":{"line":60,"column":50}},"15":{"start":{"line":61,"column":6},"end":{"line":61,"column":52}},"16":{"start":{"line":65,"column":20},"end":{"line":65,"column":73}},"17":{"start":{"line":66,"column":4},"end":{"line":66,"column":70}},"18":{"start":{"line":66,"column":18},"end":{"line":66,"column":70}},"19":{"start":{"line":68,"column":22},"end":{"line":68,"column":34}},"20":{"start":{"line":71,"column":28},"end":{"line":71,"column":59}},"21":{"start":{"line":73,"column":25},"end":{"line":73,"column":71}},"22":{"start":{"line":75,"column":4},"end":{"line":78,"column":7}},"23":{"start":{"line":80,"column":4},"end":{"line":85,"column":6}},"24":{"start":{"line":89,"column":20},"end":{"line":89,"column":61}},"25":{"start":{"line":91,"column":4},"end":{"line":91,"column":67}},"26":{"start":{"line":91,"column":18},"end":{"line":91,"column":67}},"27":{"start":{"line":93,"column":4},"end":{"line":93,"column":34}},"28":{"start":{"line":93,"column":27},"end":{"line":93,"column":34}},"29":{"start":{"line":95,"column":4},"end":{"line":95,"column":49}},"30":{"start":{"line":99,"column":4},"end":{"line":99,"column":55}},"31":{"start":{"line":103,"column":20},"end":{"line":103,"column":69}},"32":{"start":{"line":105,"column":4},"end":{"line":105,"column":153}},"33":{"start":{"line":105,"column":91},"end":{"line":105,"column":153}},"34":{"start":{"line":107,"column":4},"end":{"line":107,"column":78}},"35":{"start":{"line":107,"column":31},"end":{"line":107,"column":78}},"36":{"start":{"line":109,"column":6},"end":{"line":113,"column":7}}},"fnMap":{"0":{"name":"(anonymous_0)","decl":{"start":{"line":13,"column":2},"end":{"line":13,"column":3}},"loc":{"start":{"line":16,"column":4},"end":{"line":16,"column":6}},"line":16},"1":{"name":"(anonymous_1)","decl":{"start":{"line":18,"column":2},"end":{"line":18,"column":3}},"loc":{"start":{"line":18,"column":67},"end":{"line":43,"column":3}},"line":18},"2":{"name":"(anonymous_2)","decl":{"start":{"line":45,"column":2},"end":{"line":45,"column":3}},"loc":{"start":{"line":45,"column":74},"end":{"line":86,"column":3}},"line":45},"3":{"name":"(anonymous_3)","decl":{"start":{"line":88,"column":2},"end":{"line":88,"column":3}},"loc":{"start":{"line":88,"column":60},"end":{"line":96,"column":3}},"line":88},"4":{"name":"(anonymous_4)","decl":{"start":{"line":98,"column":2},"end":{"line":98,"column":3}},"loc":{"start":{"line":98,"column":61},"end":{"line":100,"column":1}},"line":98},"5":{"name":"(anonymous_5)","decl":{"start":{"line":102,"column":2},"end":{"line":102,"column":3}},"loc":{"start":{"line":102,"column":80},"end":{"line":116,"column":3}},"line":102}},"branchMap":{"0":{"loc":{"start":{"line":49,"column":4},"end":{"line":50,"column":58}},"type":"if","locations":[{"start":{"line":49,"column":4},"end":{"line":50,"column":58}},{"start":{},"end":{}}],"line":49},"1":{"loc":{"start":{"line":49,"column":8},"end":{"line":49,"column":29}},"type":"binary-expr","locations":[{"start":{"line":49,"column":8},"end":{"line":49,"column":18}},{"start":{"line":49,"column":22},"end":{"line":49,"column":29}}],"line":49},"2":{"loc":{"start":{"line":53,"column":4},"end":{"line":54,"column":51}},"type":"if","locations":[{"start":{"line":53,"column":4},"end":{"line":54,"column":51}},{"start":{},"end":{}}],"line":53},"3":{"loc":{"start":{"line":53,"column":8},"end":{"line":53,"column":36}},"type":"binary-expr","locations":[{"start":{"line":53,"column":8},"end":{"line":53,"column":16}},{"start":{"line":53,"column":20},"end":{"line":53,"column":36}}],"line":53},"4":{"loc":{"start":{"line":56,"column":4},"end":{"line":56,"column":79}},"type":"if","locations":[{"start":{"line":56,"column":4},"end":{"line":56,"column":79}},{"start":{},"end":{}}],"line":56},"5":{"loc":{"start":{"line":59,"column":4},"end":{"line":62,"column":5}},"type":"if","locations":[{"start":{"line":59,"column":4},"end":{"line":62,"column":5}},{"start":{},"end":{}}],"line":59},"6":{"loc":{"start":{"line":66,"column":4},"end":{"line":66,"column":70}},"type":"if","locations":[{"start":{"line":66,"column":4},"end":{"line":66,"column":70}},{"start":{},"end":{}}],"line":66},"7":{"loc":{"start":{"line":91,"column":4},"end":{"line":91,"column":67}},"type":"if","locations":[{"start":{"line":91,"column":4},"end":{"line":91,"column":67}},{"start":{},"end":{}}],"line":91},"8":{"loc":{"start":{"line":93,"column":4},"end":{"line":93,"column":34}},"type":"if","locations":[{"start":{"line":93,"column":4},"end":{"line":93,"column":34}},{"start":{},"end":{}}],"line":93},"9":{"loc":{"start":{"line":105,"column":4},"end":{"line":105,"column":153}},"type":"if","locations":[{"start":{"line":105,"column":4},"end":{"line":105,"column":153}},{"start":{},"end":{}}],"line":105},"10":{"loc":{"start":{"line":105,"column":7},"end":{"line":105,"column":89}},"type":"binary-expr","locations":[{"start":{"line":105,"column":7},"end":{"line":105,"column":15}},{"start":{"line":105,"column":19},"end":{"line":105,"column":35}},{"start":{"line":105,"column":39},"end":{"line":105,"column":89}}],"line":105},"11":{"loc":{"start":{"line":107,"column":4},"end":{"line":107,"column":78}},"type":"if","locations":[{"start":{"line":107,"column":4},"end":{"line":107,"column":78}},{"start":{},"end":{}}],"line":107}},"s":{"0":3,"1":3,"2":2,"3":2,"4":1,"5":10,"6":10,"7":1,"8":9,"9":8,"10":2,"11":6,"12":1,"13":5,"14":1,"15":1,"16":4,"17":3,"18":1,"19":2,"20":2,"21":2,"22":2,"23":1,"24":5,"25":4,"26":1,"27":3,"28":1,"29":2,"30":1,"31":4,"32":4,"33":3,"34":1,"35":0,"36":1},"f":{"0":1,"1":3,"2":10,"3":5,"4":1,"5":4},"b":{"0":[1,9],"1":[10,10],"2":[2,6],"3":[8,7],"4":[1,5],"5":[1,4],"6":[1,2],"7":[1,3],"8":[1,2],"9":[3,1],"10":[4,3,2],"11":[0,1]},"_coverageSchema":"1a1c01bbd47fc00a2c39e90264f33305004495a9","hash":"8655c04b1c3d5538a3744142a2f39bc5b2510a38"}
,"C:\\Users\\User\\Documents\\tcc\\src\\modules\\study-sessions\\repositories\\study-session.repository.ts": {"path":"C:\\Users\\User\\Documents\\tcc\\src\\modules\\study-sessions\\repositories\\study-session.repository.ts","statementMap":{"0":{"start":{"line":12,"column":8},"end":{"line":14,"column":10}},"1":{"start":{"line":18,"column":8},"end":{"line":20,"column":10}},"2":{"start":{"line":24,"column":8},"end":{"line":27,"column":10}},"3":{"start":{"line":31,"column":8},"end":{"line":31,"column":53}},"4":{"start":{"line":35,"column":8},"end":{"line":38,"column":10}},"5":{"start":{"line":42,"column":8},"end":{"line":44,"column":10}},"6":{"start":{"line":48,"column":8},"end":{"line":50,"column":10}},"7":{"start":{"line":54,"column":8},"end":{"line":56,"column":10}},"8":{"start":{"line":60,"column":8},"end":{"line":62,"column":10}},"9":{"start":{"line":66,"column":4},"end":{"line":68,"column":6}}},"fnMap":{"0":{"name":"(anonymous_0)","decl":{"start":{"line":7,"column":4},"end":{"line":7,"column":5}},"loc":{"start":{"line":9,"column":6},"end":{"line":9,"column":9}},"line":9},"1":{"name":"(anonymous_1)","decl":{"start":{"line":11,"column":4},"end":{"line":11,"column":5}},"loc":{"start":{"line":11,"column":73},"end":{"line":15,"column":5}},"line":11},"2":{"name":"(anonymous_2)","decl":{"start":{"line":17,"column":4},"end":{"line":17,"column":5}},"loc":{"start":{"line":17,"column":98},"end":{"line":21,"column":5}},"line":17},"3":{"name":"(anonymous_3)","decl":{"start":{"line":23,"column":4},"end":{"line":23,"column":5}},"loc":{"start":{"line":23,"column":67},"end":{"line":28,"column":5}},"line":23},"4":{"name":"(anonymous_4)","decl":{"start":{"line":30,"column":4},"end":{"line":30,"column":5}},"loc":{"start":{"line":30,"column":69},"end":{"line":32,"column":5}},"line":30},"5":{"name":"(anonymous_5)","decl":{"start":{"line":34,"column":4},"end":{"line":34,"column":5}},"loc":{"start":{"line":34,"column":93},"end":{"line":39,"column":5}},"line":34},"6":{"name":"(anonymous_6)","decl":{"start":{"line":41,"column":4},"end":{"line":41,"column":5}},"loc":{"start":{"line":41,"column":56},"end":{"line":45,"column":5}},"line":41},"7":{"name":"(anonymous_7)","decl":{"start":{"line":47,"column":4},"end":{"line":47,"column":5}},"loc":{"start":{"line":47,"column":67},"end":{"line":51,"column":5}},"line":47},"8":{"name":"(anonymous_8)","decl":{"start":{"line":53,"column":4},"end":{"line":53,"column":5}},"loc":{"start":{"line":53,"column":67},"end":{"line":57,"column":5}},"line":53},"9":{"name":"(anonymous_9)","decl":{"start":{"line":59,"column":4},"end":{"line":59,"column":5}},"loc":{"start":{"line":59,"column":75},"end":{"line":63,"column":5}},"line":59},"10":{"name":"(anonymous_10)","decl":{"start":{"line":65,"column":4},"end":{"line":65,"column":5}},"loc":{"start":{"line":65,"column":59},"end":{"line":69,"column":1}},"line":65}},"branchMap":{},"s":{"0":2,"1":2,"2":2,"3":6,"4":4,"5":2,"6":0,"7":0,"8":0,"9":2},"f":{"0":1,"1":2,"2":2,"3":2,"4":6,"5":4,"6":2,"7":0,"8":0,"9":0,"10":2},"b":{},"_coverageSchema":"1a1c01bbd47fc00a2c39e90264f33305004495a9","hash":"cb487047079a2ffa62821c9b50253df66e9223e1"}
,"C:\\Users\\User\\Documents\\tcc\\src\\modules\\study-sessions\\services\\study-session.service.ts": {"path":"C:\\Users\\User\\Documents\\tcc\\src\\modules\\study-sessions\\services\\study-session.service.ts","statementMap":{"0":{"start":{"line":30,"column":8},"end":{"line":30,"column":118}},"1":{"start":{"line":30,"column":61},"end":{"line":30,"column":118}},"2":{"start":{"line":32,"column":26},"end":{"line":34,"column":35}},"3":{"start":{"line":36,"column":12},"end":{"line":36,"column":97}},"4":{"start":{"line":36,"column":46},"end":{"line":36,"column":97}},"5":{"start":{"line":39,"column":23},"end":{"line":39,"column":88}},"6":{"start":{"line":40,"column":8},"end":{"line":40,"column":102}},"7":{"start":{"line":40,"column":31},"end":{"line":40,"column":102}},"8":{"start":{"line":42,"column":24},"end":{"line":42,"column":82}},"9":{"start":{"line":44,"column":8},"end":{"line":57,"column":9}},"10":{"start":{"line":45,"column":27},"end":{"line":45,"column":92}},"11":{"start":{"line":46,"column":12},"end":{"line":46,"column":72}},"12":{"start":{"line":46,"column":25},"end":{"line":46,"column":72}},"13":{"start":{"line":48,"column":15},"end":{"line":57,"column":9}},"14":{"start":{"line":49,"column":27},"end":{"line":49,"column":88}},"15":{"start":{"line":50,"column":12},"end":{"line":50,"column":73}},"16":{"start":{"line":50,"column":25},"end":{"line":50,"column":73}},"17":{"start":{"line":51,"column":12},"end":{"line":51,"column":101}},"18":{"start":{"line":51,"column":50},"end":{"line":51,"column":101}},"19":{"start":{"line":53,"column":15},"end":{"line":57,"column":9}},"20":{"start":{"line":54,"column":27},"end":{"line":54,"column":96}},"21":{"start":{"line":55,"column":12},"end":{"line":55,"column":77}},"22":{"start":{"line":55,"column":25},"end":{"line":55,"column":77}},"23":{"start":{"line":56,"column":12},"end":{"line":56,"column":108}},"24":{"start":{"line":56,"column":57},"end":{"line":56,"column":108}},"25":{"start":{"line":59,"column":29},"end":{"line":66,"column":10}},"26":{"start":{"line":68,"column":8},"end":{"line":68,"column":46}},"27":{"start":{"line":72,"column":29},"end":{"line":72,"column":86}},"28":{"start":{"line":74,"column":8},"end":{"line":74,"column":39}},"29":{"start":{"line":74,"column":27},"end":{"line":74,"column":39}},"30":{"start":{"line":76,"column":8},"end":{"line":76,"column":46}},"31":{"start":{"line":81,"column":8},"end":{"line":81,"column":65}},"32":{"start":{"line":83,"column":30},"end":{"line":83,"column":93}},"33":{"start":{"line":85,"column":8},"end":{"line":85,"column":83}},"34":{"start":{"line":85,"column":51},"end":{"line":85,"column":81}},"35":{"start":{"line":91,"column":8},"end":{"line":91,"column":118}},"36":{"start":{"line":91,"column":61},"end":{"line":91,"column":118}},"37":{"start":{"line":93,"column":29},"end":{"line":93,"column":86}},"38":{"start":{"line":95,"column":8},"end":{"line":95,"column":86}},"39":{"start":{"line":95,"column":27},"end":{"line":95,"column":86}},"40":{"start":{"line":98,"column":8},"end":{"line":101,"column":9}},"41":{"start":{"line":99,"column":12},"end":{"line":99,"column":65}},"42":{"start":{"line":100,"column":12},"end":{"line":100,"column":97}},"43":{"start":{"line":100,"column":46},"end":{"line":100,"column":97}},"44":{"start":{"line":103,"column":36},"end":{"line":106,"column":10}},"45":{"start":{"line":108,"column":8},"end":{"line":108,"column":53}},"46":{"start":{"line":112,"column":29},"end":{"line":112,"column":86}},"47":{"start":{"line":115,"column":8},"end":{"line":115,"column":34}},"48":{"start":{"line":115,"column":27},"end":{"line":115,"column":34}},"49":{"start":{"line":117,"column":8},"end":{"line":117,"column":65}},"50":{"start":{"line":121,"column":8},"end":{"line":121,"column":75}},"51":{"start":{"line":125,"column":8},"end":{"line":127,"column":76}},"52":{"start":{"line":132,"column":8},"end":{"line":140,"column":10}}},"fnMap":{"0":{"name":"(anonymous_0)","decl":{"start":{"line":18,"column":4},"end":{"line":18,"column":5}},"loc":{"start":{"line":26,"column":6},"end":{"line":26,"column":9}},"line":26},"1":{"name":"(anonymous_1)","decl":{"start":{"line":28,"column":4},"end":{"line":28,"column":5}},"loc":{"start":{"line":28,"column":103},"end":{"line":69,"column":5}},"line":28},"2":{"name":"(anonymous_2)","decl":{"start":{"line":71,"column":4},"end":{"line":71,"column":5}},"loc":{"start":{"line":71,"column":107},"end":{"line":77,"column":5}},"line":71},"3":{"name":"(anonymous_3)","decl":{"start":{"line":79,"column":4},"end":{"line":79,"column":5}},"loc":{"start":{"line":79,"column":107},"end":{"line":86,"column":5}},"line":79},"4":{"name":"(anonymous_4)","decl":{"start":{"line":85,"column":33},"end":{"line":85,"column":34}},"loc":{"start":{"line":85,"column":51},"end":{"line":85,"column":81}},"line":85},"5":{"name":"(anonymous_5)","decl":{"start":{"line":88,"column":4},"end":{"line":88,"column":5}},"loc":{"start":{"line":88,"column":127},"end":{"line":109,"column":5}},"line":88},"6":{"name":"(anonymous_6)","decl":{"start":{"line":111,"column":4},"end":{"line":111,"column":5}},"loc":{"start":{"line":111,"column":79},"end":{"line":118,"column":5}},"line":111},"7":{"name":"(anonymous_7)","decl":{"start":{"line":120,"column":4},"end":{"line":120,"column":5}},"loc":{"start":{"line":120,"column":45},"end":{"line":122,"column":5}},"line":120},"8":{"name":"(anonymous_8)","decl":{"start":{"line":124,"column":4},"end":{"line":124,"column":5}},"loc":{"start":{"line":124,"column":74},"end":{"line":128,"column":5}},"line":124},"9":{"name":"(anonymous_9)","decl":{"start":{"line":131,"column":4},"end":{"line":131,"column":5}},"loc":{"start":{"line":131,"column":77},"end":{"line":141,"column":5}},"line":131}},"branchMap":{"0":{"loc":{"start":{"line":30,"column":8},"end":{"line":30,"column":118}},"type":"if","locations":[{"start":{"line":30,"column":8},"end":{"line":30,"column":118}},{"start":{},"end":{}}],"line":30},"1":{"loc":{"start":{"line":30,"column":12},"end":{"line":30,"column":59}},"type":"binary-expr","locations":[{"start":{"line":30,"column":12},"end":{"line":30,"column":38}},{"start":{"line":30,"column":42},"end":{"line":30,"column":59}}],"line":30},"2":{"loc":{"start":{"line":32,"column":26},"end":{"line":34,"column":35}},"type":"cond-expr","locations":[{"start":{"line":33,"column":4},"end":{"line":33,"column":45}},{"start":{"line":34,"column":4},"end":{"line":34,"column":35}}],"line":32},"3":{"loc":{"start":{"line":36,"column":12},"end":{"line":36,"column":97}},"type":"if","locations":[{"start":{"line":36,"column":12},"end":{"line":36,"column":97}},{"start":{},"end":{}}],"line":36},"4":{"loc":{"start":{"line":40,"column":8},"end":{"line":40,"column":102}},"type":"if","locations":[{"start":{"line":40,"column":8},"end":{"line":40,"column":102}},{"start":{},"end":{}}],"line":40},"5":{"loc":{"start":{"line":44,"column":8},"end":{"line":57,"column":9}},"type":"if","locations":[{"start":{"line":44,"column":8},"end":{"line":57,"column":9}},{"start":{"line":48,"column":15},"end":{"line":57,"column":9}}],"line":44},"6":{"loc":{"start":{"line":46,"column":12},"end":{"line":46,"column":72}},"type":"if","locations":[{"start":{"line":46,"column":12},"end":{"line":46,"column":72}},{"start":{},"end":{}}],"line":46},"7":{"loc":{"start":{"line":48,"column":15},"end":{"line":57,"column":9}},"type":"if","locations":[{"start":{"line":48,"column":15},"end":{"line":57,"column":9}},{"start":{"line":53,"column":15},"end":{"line":57,"column":9}}],"line":48},"8":{"loc":{"start":{"line":50,"column":12},"end":{"line":50,"column":73}},"type":"if","locations":[{"start":{"line":50,"column":12},"end":{"line":50,"column":73}},{"start":{},"end":{}}],"line":50},"9":{"loc":{"start":{"line":51,"column":12},"end":{"line":51,"column":101}},"type":"if","locations":[{"start":{"line":51,"column":12},"end":{"line":51,"column":101}},{"start":{},"end":{}}],"line":51},"10":{"loc":{"start":{"line":53,"column":15},"end":{"line":57,"column":9}},"type":"if","locations":[{"start":{"line":53,"column":15},"end":{"line":57,"column":9}},{"start":{},"end":{}}],"line":53},"11":{"loc":{"start":{"line":55,"column":12},"end":{"line":55,"column":77}},"type":"if","locations":[{"start":{"line":55,"column":12},"end":{"line":55,"column":77}},{"start":{},"end":{}}],"line":55},"12":{"loc":{"start":{"line":56,"column":12},"end":{"line":56,"column":108}},"type":"if","locations":[{"start":{"line":56,"column":12},"end":{"line":56,"column":108}},{"start":{},"end":{}}],"line":56},"13":{"loc":{"start":{"line":60,"column":22},"end":{"line":60,"column":43}},"type":"binary-expr","locations":[{"start":{"line":60,"column":22},"end":{"line":60,"column":35}},{"start":{"line":60,"column":39},"end":{"line":60,"column":43}}],"line":60},"14":{"loc":{"start":{"line":61,"column":22},"end":{"line":61,"column":43}},"type":"binary-expr","locations":[{"start":{"line":61,"column":22},"end":{"line":61,"column":35}},{"start":{"line":61,"column":39},"end":{"line":61,"column":43}}],"line":61},"15":{"loc":{"start":{"line":62,"column":26},"end":{"line":62,"column":51}},"type":"binary-expr","locations":[{"start":{"line":62,"column":26},"end":{"line":62,"column":43}},{"start":{"line":62,"column":47},"end":{"line":62,"column":51}}],"line":62},"16":{"loc":{"start":{"line":74,"column":8},"end":{"line":74,"column":39}},"type":"if","locations":[{"start":{"line":74,"column":8},"end":{"line":74,"column":39}},{"start":{},"end":{}}],"line":74},"17":{"loc":{"start":{"line":91,"column":8},"end":{"line":91,"column":118}},"type":"if","locations":[{"start":{"line":91,"column":8},"end":{"line":91,"column":118}},{"start":{},"end":{}}],"line":91},"18":{"loc":{"start":{"line":91,"column":12},"end":{"line":91,"column":59}},"type":"binary-expr","locations":[{"start":{"line":91,"column":12},"end":{"line":91,"column":38}},{"start":{"line":91,"column":42},"end":{"line":91,"column":59}}],"line":91},"19":{"loc":{"start":{"line":95,"column":8},"end":{"line":95,"column":86}},"type":"if","locations":[{"start":{"line":95,"column":8},"end":{"line":95,"column":86}},{"start":{},"end":{}}],"line":95},"20":{"loc":{"start":{"line":98,"column":8},"end":{"line":101,"column":9}},"type":"if","locations":[{"start":{"line":98,"column":8},"end":{"line":101,"column":9}},{"start":{},"end":{}}],"line":98},"21":{"loc":{"start":{"line":100,"column":12},"end":{"line":100,"column":97}},"type":"if","locations":[{"start":{"line":100,"column":12},"end":{"line":100,"column":97}},{"start":{},"end":{}}],"line":100},"22":{"loc":{"start":{"l
[...]
,"C:\\Users\\User\\Documents\\tcc\\src\\shared\\convert\\utils\\date-convert.utils.ts": {"path":"C:\\Users\\User\\Documents\\tcc\\src\\shared\\convert\\utils\\date-convert.utils.ts","statementMap":{"0":{"start":{"line":6,"column":8},"end":{"line":6,"column":48}},"1":{"start":{"line":10,"column":8},"end":{"line":10,"column":39}},"2":{"start":{"line":14,"column":22},"end":{"line":14,"column":37}},"3":{"start":{"line":16,"column":8},"end":{"line":18,"column":9}},"4":{"start":{"line":17,"column":12},"end":{"line":17,"column":56}},"5":{"start":{"line":19,"column":20},"end":{"line":19,"column":43}},"6":{"start":{"line":20,"column":22},"end":{"line":20,"column":49}},"7":{"start":{"line":21,"column":21},"end":{"line":21,"column":44}},"8":{"start":{"line":23,"column":8},"end":{"line":25,"column":9}},"9":{"start":{"line":24,"column":12},"end":{"line":24,"column":56}},"10":{"start":{"line":27,"column":8},"end":{"line":27,"column":34}},"11":{"start":{"line":31,"column":4},"end":{"line":33,"column":5}},"12":{"start":{"line":32,"column":8},"end":{"line":32,"column":35}},"13":{"start":{"line":35,"column":31},"end":{"line":35,"column":53}},"14":{"start":{"line":37,"column":26},"end":{"line":37,"column":62}},"15":{"start":{"line":39,"column":4},"end":{"line":45,"column":5}},"16":{"start":{"line":44,"column":8},"end":{"line":44,"column":52}},"17":{"start":{"line":47,"column":4},"end":{"line":47,"column":25}},"18":{"start":{"line":51,"column":20},"end":{"line":51,"column":30}},"19":{"start":{"line":52,"column":8},"end":{"line":54,"column":10}},"20":{"start":{"line":58,"column":4},"end":{"line":62,"column":6}}},"fnMap":{"0":{"name":"(anonymous_0)","decl":{"start":{"line":5,"column":4},"end":{"line":5,"column":5}},"loc":{"start":{"line":5,"column":38},"end":{"line":7,"column":5}},"line":5},"1":{"name":"(anonymous_1)","decl":{"start":{"line":9,"column":4},"end":{"line":9,"column":5}},"loc":{"start":{"line":9,"column":41},"end":{"line":11,"column":5}},"line":9},"2":{"name":"(anonymous_2)","decl":{"start":{"line":13,"column":4},"end":{"line":13,"column":5}},"loc":{"start":{"line":13,"column":56},"end":{"line":28,"column":5}},"line":13},"3":{"name":"(anonymous_3)","decl":{"start":{"line":30,"column":4},"end":{"line":30,"column":5}},"loc":{"start":{"line":30,"column":42},"end":{"line":48,"column":1}},"line":30},"4":{"name":"(anonymous_4)","decl":{"start":{"line":50,"column":4},"end":{"line":50,"column":5}},"loc":{"start":{"line":50,"column":27},"end":{"line":55,"column":5}},"line":50},"5":{"name":"(anonymous_5)","decl":{"start":{"line":57,"column":4},"end":{"line":57,"column":5}},"loc":{"start":{"line":57,"column":32},"end":{"line":63,"column":1}},"line":57}},"branchMap":{"0":{"loc":{"start":{"line":16,"column":8},"end":{"line":18,"column":9}},"type":"if","locations":[{"start":{"line":16,"column":8},"end":{"line":18,"column":9}},{"start":{},"end":{}}],"line":16},"1":{"loc":{"start":{"line":23,"column":8},"end":{"line":25,"column":9}},"type":"if","locations":[{"start":{"line":23,"column":8},"end":{"line":25,"column":9}},{"start":{},"end":{}}],"line":23},"2":{"loc":{"start":{"line":31,"column":4},"end":{"line":33,"column":5}},"type":"if","locations":[{"start":{"line":31,"column":4},"end":{"line":33,"column":5}},{"start":{},"end":{}}],"line":31},"3":{"loc":{"start":{"line":39,"column":4},"end":{"line":45,"column":5}},"type":"if","locations":[{"start":{"line":39,"column":4},"end":{"line":45,"column":5}},{"start":{},"end":{}}],"line":39},"4":{"loc":{"start":{"line":40,"column":8},"end":{"line":42,"column":42}},"type":"binary-expr","locations":[{"start":{"line":40,"column":8},"end":{"line":40,"column":47}},{"start":{"line":41,"column":8},"end":{"line":41,"column":45}},{"start":{"line":42,"column":8},"end":{"line":42,"column":42}}],"line":40}},"s":{"0":1,"1":1,"2":23,"3":23,"4":0,"5":23,"6":23,"7":23,"8":23,"9":0,"10":23,"11":23,"12":0,"13":23,"14":23,"15":23,"16":1,"17":22,"18":2,"19":2,"20":0},"f":{"0":1,"1":1,"2":23,"3":23,"4":2,"5":0},"b":{"0":[0,23],"1":[0,23],"2":[0,23],"3":[1,22],"4":[23,23,22]},"_coverageSchema":"1a1c01bbd47fc00a2c39e90264f33305004495a9","hash":"526b7e6da2b00a16035fd1ee8a94bde3ec774b20"}
,"C:\\Users\\User\\Documents\\tcc\\src\\shared\\errors\\authorization.error.ts": {"path":"C:\\Users\\User\\Documents\\tcc\\src\\shared\\errors\\authorization.error.ts","statementMap":{"0":{"start":{"line":5,"column":8},"end":{"line":5,"column":36}}},"fnMap":{"0":{"name":"(anonymous_0)","decl":{"start":{"line":4,"column":4},"end":{"line":4,"column":5}},"loc":{"start":{"line":4,"column":50},"end":{"line":6,"column":5}},"line":4}},"branchMap":{},"s":{"0":34},"f":{"0":34},"b":{},"_coverageSchema":"1a1c01bbd47fc00a2c39e90264f33305004495a9","hash":"3851eeae147a4a08e52eac53ff7dd38bd1ab0d1b"}
,"C:\\Users\\User\\Documents\\tcc\\src\\shared\\errors\\base-error.ts": {"path":"C:\\Users\\User\\Documents\\tcc\\src\\shared\\errors\\base-error.ts","statementMap":{"0":{"start":{"line":5,"column":8},"end":{"line":5,"column":22}},"1":{"start":{"line":9,"column":8},"end":{"line":9,"column":61}}},"fnMap":{"0":{"name":"(anonymous_0)","decl":{"start":{"line":4,"column":4},"end":{"line":4,"column":5}},"loc":{"start":{"line":4,"column":59},"end":{"line":6,"column":5}},"line":4},"1":{"name":"(anonymous_1)","decl":{"start":{"line":8,"column":4},"end":{"line":8,"column":5}},"loc":{"start":{"line":8,"column":24},"end":{"line":10,"column":5}},"line":8}},"branchMap":{},"s":{"0":80,"1":0},"f":{"0":80,"1":0},"b":{},"_coverageSchema":"1a1c01bbd47fc00a2c39e90264f33305004495a9","hash":"da30d76821e7b66e520143054d34b36eca00241e"}
,"C:\\Users\\User\\Documents\\tcc\\src\\shared\\errors\\internal-server-error.ts": {"path":"C:\\Users\\User\\Documents\\tcc\\src\\shared\\errors\\internal-server-error.ts","statementMap":{"0":{"start":{"line":5,"column":8},"end":{"line":5,"column":27}}},"fnMap":{"0":{"name":"(anonymous_0)","decl":{"start":{"line":4,"column":4},"end":{"line":4,"column":5}},"loc":{"start":{"line":4,"column":51},"end":{"line":6,"column":5}},"line":4}},"branchMap":{"0":{"loc":{"start":{"line":4,"column":16},"end":{"line":4,"column":49}},"type":"default-arg","locations":[{"start":{"line":4,"column":26},"end":{"line":4,"column":49}}],"line":4}},"s":{"0":0},"f":{"0":0},"b":{"0":[0]},"_coverageSchema":"1a1c01bbd47fc00a2c39e90264f33305004495a9","hash":"d2ffa1e885969271d38dd27fd656a91d21a262e7"}
,"C:\\Users\\User\\Documents\\tcc\\src\\shared\\errors\\not-found-error.ts": {"path":"C:\\Users\\User\\Documents\\tcc\\src\\shared\\errors\\not-found-error.ts","statementMap":{"0":{"start":{"line":5,"column":8},"end":{"line":5,"column":27}}},"fnMap":{"0":{"name":"(anonymous_0)","decl":{"start":{"line":4,"column":4},"end":{"line":4,"column":5}},"loc":{"start":{"line":4,"column":33},"end":{"line":6,"column":5}},"line":4}},"branchMap":{},"s":{"0":20},"f":{"0":20},"b":{},"_coverageSchema":"1a1c01bbd47fc00a2c39e90264f33305004495a9","hash":"677689cb8a5b89a6beb7faece2f493e5a3cfe8da"}
,"C:\\Users\\User\\Documents\\tcc\\src\\shared\\errors\\validation-error.ts": {"path":"C:\\Users\\User\\Documents\\tcc\\src\\shared\\errors\\validation-error.ts","statementMap":{"0":{"start":{"line":5,"column":8},"end":{"line":5,"column":27}}},"fnMap":{"0":{"name":"(anonymous_0)","decl":{"start":{"line":4,"column":4},"end":{"line":4,"column":5}},"loc":{"start":{"line":4,"column":33},"end":{"line":6,"column":5}},"line":4}},"branchMap":{},"s":{"0":26},"f":{"0":26},"b":{},"_coverageSchema":"1a1c01bbd47fc00a2c39e90264f33305004495a9","hash":"9825200bd1a852bd0d27b603f93f4ec96acf1664"}
,"C:\\Users\\User\\Documents\\tcc\\src\\shared\\hash\\provider\\hash.provider.ts": {"path":"C:\\Users\\User\\Documents\\tcc\\src\\shared\\hash\\provider\\hash.provider.ts","statementMap":{"0":{"start":{"line":7,"column":4},"end":{"line":9,"column":5}},"1":{"start":{"line":8,"column":6},"end":{"line":8,"column":66}},"2":{"start":{"line":13,"column":4},"end":{"line":13,"column":45}},"3":{"start":{"line":17,"column":4},"end":{"line":17,"column":52}}},"fnMap":{"0":{"name":"(anonymous_0)","decl":{"start":{"line":6,"column":2},"end":{"line":6,"column":3}},"loc":{"start":{"line":6,"column":46},"end":{"line":10,"column":3}},"line":6},"1":{"name":"(anonymous_1)","decl":{"start":{"line":12,"column":2},"end":{"line":12,"column":3}},"loc":{"start":{"line":12,"column":48},"end":{"line":14,"column":3}},"line":12},"2":{"name":"(anonymous_2)","decl":{"start":{"line":16,"column":2},"end":{"line":16,"column":3}},"loc":{"start":{"line":16,"column":76},"end":{"line":18,"column":3}},"line":16}},"branchMap":{"0":{"loc":{"start":{"line":7,"column":4},"end":{"line":9,"column":5}},"type":"if","locations":[{"start":{"line":7,"column":4},"end":{"line":9,"column":5}},{"start":{},"end":{}}],"line":7},"1":{"loc":{"start":{"line":7,"column":8},"end":{"line":7,"column":28}},"type":"binary-expr","locations":[{"start":{"line":7,"column":8},"end":{"line":7,"column":14}},{"start":{"line":7,"column":18},"end":{"line":7,"column":28}}],"line":7}},"s":{"0":4,"1":0,"2":2,"3":3},"f":{"0":4,"1":2,"2":3},"b":{"0":[0,4],"1":[4,4]},"_coverageSchema":"1a1c01bbd47fc00a2c39e90264f33305004495a9","hash":"08cdad851e2881ae03c09090af441e715ed8f76f"}
,"C:\\Users\\User\\Documents\\tcc\\src\\shared\\ownership\\ownership.service.ts": {"path":"C:\\Users\\User\\Documents\\tcc\\src\\shared\\ownership\\ownership.service.ts","statementMap":{"0":{"start":{"line":16,"column":8},"end":{"line":25,"column":9}},"1":{"start":{"line":17,"column":12},"end":{"line":23,"column":13}},"2":{"start":{"line":18,"column":35},"end":{"line":18,"column":77}},"3":{"start":{"line":19,"column":16},"end":{"line":21,"column":17}},"4":{"start":{"line":20,"column":20},"end":{"line":20,"column":70}},"5":{"start":{"line":22,"column":16},"end":{"line":22,"column":30}},"6":{"start":{"line":24,"column":12},"end":{"line":24,"column":31}},"7":{"start":{"line":27,"column":8},"end":{"line":29,"column":9}},"8":{"start":{"line":28,"column":12},"end":{"line":28,"column":64}},"9":{"start":{"line":31,"column":8},"end":{"line":31,"column":27}},"10":{"start":{"line":38,"column":8},"end":{"line":40,"column":9}},"11":{"start":{"line":39,"column":12},"end":{"line":39,"column":64}},"12":{"start":{"line":47,"column":8},"end":{"line":49,"column":9}},"13":{"start":{"line":48,"column":12},"end":{"line":48,"column":64}}},"fnMap":{"0":{"name":"(anonymous_0)","decl":{"start":{"line":8,"column":4},"end":{"line":8,"column":5}},"loc":{"start":{"line":10,"column":6},"end":{"line":10,"column":9}},"line":10},"1":{"name":"(anonymous_1)","decl":{"start":{"line":12,"column":4},"end":{"line":12,"column":5}},"loc":{"start":{"line":15,"column":23},"end":{"line":32,"column":5}},"line":15},"2":{"name":"(anonymous_2)","decl":{"start":{"line":34,"column":4},"end":{"line":34,"column":5}},"loc":{"start":{"line":37,"column":12},"end":{"line":41,"column":5}},"line":37},"3":{"name":"(anonymous_3)","decl":{"start":{"line":43,"column":4},"end":{"line":43,"column":5}},"loc":{"start":{"line":46,"column":12},"end":{"line":50,"column":5}},"line":46}},"branchMap":{"0":{"loc":{"start":{"line":16,"column":8},"end":{"line":25,"column":9}},"type":"if","locations":[{"start":{"line":16,"column":8},"end":{"line":25,"column":9}},{"start":{},"end":{}}],"line":16},"1":{"loc":{"start":{"line":17,"column":12},"end":{"line":23,"column":13}},"type":"if","locations":[{"start":{"line":17,"column":12},"end":{"line":23,"column":13}},{"start":{},"end":{}}],"line":17},"2":{"loc":{"start":{"line":17,"column":16},"end":{"line":17,"column":48}},"type":"binary-expr","locations":[{"start":{"line":17,"column":16},"end":{"line":17,"column":22}},{"start":{"line":17,"column":26},"end":{"line":17,"column":48}}],"line":17},"3":{"loc":{"start":{"line":19,"column":16},"end":{"line":21,"column":17}},"type":"if","locations":[{"start":{"line":19,"column":16},"end":{"line":21,"column":17}},{"start":{},"end":{}}],"line":19},"4":{"loc":{"start":{"line":27,"column":8},"end":{"line":29,"column":9}},"type":"if","locations":[{"start":{"line":27,"column":8},"end":{"line":29,"column":9}},{"start":{},"end":{}}],"line":27},"5":{"loc":{"start":{"line":27,"column":12},"end":{"line":27,"column":44}},"type":"binary-expr","locations":[{"start":{"line":27,"column":12},"end":{"line":27,"column":18}},{"start":{"line":27,"column":22},"end":{"line":27,"column":44}}],"line":27},"6":{"loc":{"start":{"line":38,"column":8},"end":{"line":40,"column":9}},"type":"if","locations":[{"start":{"line":38,"column":8},"end":{"line":40,"column":9}},{"start":{},"end":{}}],"line":38},"7":{"loc":{"start":{"line":38,"column":12},"end":{"line":38,"column":56}},"type":"binary-expr","locations":[{"start":{"line":38,"column":12},"end":{"line":38,"column":33}},{"start":{"line":38,"column":37},"end":{"line":38,"column":56}}],"line":38},"8":{"loc":{"start":{"line":47,"column":8},"end":{"line":49,"column":9}},"type":"if","locations":[{"start":{"line":47,"column":8},"end":{"line":49,"column":9}},{"start":{},"end":{}}],"line":47}},"s":{"0":7,"1":4,"2":2,"3":2,"4":1,"5":1,"6":2,"7":3,"8":1,"9":2,"10":5,"11":2,"12":4,"13":3},"f":{"0":1,"1":7,"2":5,"3":4},"b":{"0":[4,3],"1":[2,2],"2":[4,3],"3":[1,1],"4":[1,2],"5":[3,2],"6":[2,3],"7":[5,3],"8":[3,1]},"_coverageSchema":"1a1c01bbd47fc00a2c39e90264f33305004495a9","hash":"f21de2dd08b83610d256ca5e7aa3a2563ece872c"}
,"C:\\Users\\User\\Documents\\tcc\\src\\tests\\factories\\make-course.ts": {"path":"C:\\Users\\User\\Documents\\tcc\\src\\tests\\factories\\make-course.ts","statementMap":{"0":{"start":{"line":4,"column":26},"end":{"line":13,"column":2}},"1":{"start":{"line":4,"column":68},"end":{"line":13,"column":1}}},"fnMap":{"0":{"name":"(anonymous_0)","decl":{"start":{"line":4,"column":26},"end":{"line":4,"column":27}},"loc":{"start":{"line":4,"column":68},"end":{"line":13,"column":1}},"line":4}},"branchMap":{},"s":{"0":10,"1":161},"f":{"0":161},"b":{},"_coverageSchema":"1a1c01bbd47fc00a2c39e90264f33305004495a9","hash":"86fbebbfc304f7be34732c0683985deccf09cf18"}
,"C:\\Users\\User\\Documents\\tcc\\src\\tests\\factories\\make-discipline.ts": {"path":"C:\\Users\\User\\Documents\\tcc\\src\\tests\\factories\\make-discipline.ts","statementMap":{"0":{"start":{"line":4,"column":30},"end":{"line":13,"column":2}},"1":{"start":{"line":4,"column":80},"end":{"line":13,"column":1}}},"fnMap":{"0":{"name":"(anonymous_0)","decl":{"start":{"line":4,"column":30},"end":{"line":4,"column":31}},"loc":{"start":{"line":4,"column":80},"end":{"line":13,"column":1}},"line":4}},"branchMap":{},"s":{"0":6,"1":82},"f":{"0":82},"b":{},"_coverageSchema":"1a1c01bbd47fc00a2c39e90264f33305004495a9","hash":"a5e9f71497ec3ce437475a80d02f94bb0bf2bc9f"}
,"C:\\Users\\User\\Documents\\tcc\\src\\tests\\factories\\make-goal.ts": {"path":"C:\\Users\\User\\Documents\\tcc\\src\\tests\\factories\\make-goal.ts","statementMap":{"0":{"start":{"line":5,"column":24},"end":{"line":19,"column":2}},"1":{"start":{"line":5,"column":62},"end":{"line":19,"column":1}}},"fnMap":{"0":{"name":"(anonymous_0)","decl":{"start":{"line":5,"column":24},"end":{"line":5,"column":25}},"loc":{"start":{"line":5,"column":62},"end":{"line":19,"column":1}},"line":5}},"branchMap":{},"s":{"0":4,"1":79},"f":{"0":79},"b":{},"_coverageSchema":"1a1c01bbd47fc00a2c39e90264f33305004495a9","hash":"59db09d0e329631cceccf085736f6471258fd670"}
,"C:\\Users\\User\\Documents\\tcc\\src\\tests\\factories\\make-module.ts": {"path":"C:\\Users\\User\\Documents\\tcc\\src\\tests\\factories\\make-module.ts","statementMap":{"0":{"start":{"line":5,"column":28},"end":{"line":14,"column":4}},"1":{"start":{"line":5,"column":79},"end":{"line":14,"column":3}}},"fnMap":{"0":{"name":"(anonymous_0)","decl":{"start":{"line":5,"column":28},"end":{"line":5,"column":29}},"loc":{"start":{"line":5,"column":79},"end":{"line":14,"column":3}},"line":5}},"branchMap":{},"s":{"0":8,"1":138},"f":{"0":138},"b":{},"_coverageSchema":"1a1c01bbd47fc00a2c39e90264f33305004495a9","hash":"9d711d1b92d05108bc78b6e450d2fa6208652ac0"}
,"C:\\Users\\User\\Documents\\tcc\\src\\tests\\factories\\make-payload.ts": {"path":"C:\\Users\\User\\Documents\\tcc\\src\\tests\\factories\\make-payload.ts","statementMap":{"0":{"start":{"line":3,"column":29},"end":{"line":9,"column":4}},"1":{"start":{"line":5,"column":32},"end":{"line":9,"column":3}}},"fnMap":{"0":{"name":"(anonymous_0)","decl":{"start":{"line":3,"column":29},"end":{"line":3,"column":30}},"loc":{"start":{"line":5,"column":32},"end":{"line":9,"column":3}},"line":5}},"branchMap":{},"s":{"0":1,"1":5},"f":{"0":5},"b":{},"_coverageSchema":"1a1c01bbd47fc00a2c39e90264f33305004495a9","hash":"bf60a5fa4755a90806cdeddadaedd50f40e9376b"}
,"C:\\Users\\User\\Documents\\tcc\\src\\tests\\factories\\make-session.ts": {"path":"C:\\Users\\User\\Documents\\tcc\\src\\tests\\factories\\make-session.ts","statementMap":{"0":{"start":{"line":3,"column":33},"end":{"line":12,"column":8}},"1":{"start":{"line":3,"column":78},"end":{"line":12,"column":7}}},"fnMap":{"0":{"name":"(anonymous_0)","decl":{"start":{"line":3,"column":33},"end":{"line":3,"column":34}},"loc":{"start":{"line":3,"column":78},"end":{"line":12,"column":7}},"line":3}},"branchMap":{},"s":{"0":3,"1":20},"f":{"0":20},"b":{},"_coverageSchema":"1a1c01bbd47fc00a2c39e90264f33305004495a9","hash":"a99311c82614d9d82671a544870206a670a8c993"}
,"C:\\Users\\User\\Documents\\tcc\\src\\tests\\factories\\make-study-session.ts": {"path":"C:\\Users\\User\\Documents\\tcc\\src\\tests\\factories\\make-study-session.ts","statementMap":{"0":{"start":{"line":5,"column":32},"end":{"line":16,"column":6}},"1":{"start":{"line":6,"column":4},"end":{"line":16,"column":5}}},"fnMap":{"0":{"name":"(anonymous_0)","decl":{"start":{"line":5,"column":32},"end":{"line":5,"column":33}},"loc":{"start":{"line":6,"column":4},"end":{"line":16,"column":5}},"line":6}},"branchMap":{},"s":{"0":2,"1":41},"f":{"0":41},"b":{},"_coverageSchema":"1a1c01bbd47fc00a2c39e90264f33305004495a9","hash":"90a4da93adbefa084fd0d3a20180bc22b3a5da64"}
,"C:\\Users\\User\\Documents\\tcc\\src\\tests\\factories\\make-user.ts": {"path":"C:\\Users\\User\\Documents\\tcc\\src\\tests\\factories\\make-user.ts","statementMap":{"0":{"start":{"line":4,"column":26},"end":{"line":15,"column":4}},"1":{"start":{"line":4,"column":64},"end":{"line":15,"column":3}}},"fnMap":{"0":{"name":"(anonymous_0)","decl":{"start":{"line":4,"column":26},"end":{"line":4,"column":27}},"loc":{"start":{"line":4,"column":64},"end":{"line":15,"column":3}},"line":4}},"branchMap":{},"s":{"0":8,"1":196},"f":{"0":196},"b":{},"_coverageSchema":"1a1c01bbd47fc00a2c39e90264f33305004495a9","hash":"bc0510c9a504c1244096fdd660642ab72d84f7d8"}
}
