TN:
SF:src\lib\prisma-tests.ts
FNF:0
FNH:0
DA:3,21
DA:4,0
DA:7,21
LF:3
LH:2
BRDA:3,0,0,0
BRDA:3,0,1,21
BRF:2
BRH:1
end_of_record
TN:
SF:src\middlewares\authentication\authentication.middleware.ts
FN:7,(anonymous_0)
FN:12,(anonymous_1)
FNF:2
FNH:2
FNDA:7,(anonymous_0)
FNDA:7,(anonymous_1)
DA:7,1
DA:12,7
DA:13,7
DA:16,7
DA:19,7
DA:22,4
DA:25,4
DA:30,4
DA:31,4
DA:33,1
DA:36,3
DA:40,3
DA:43,2
DA:44,1
DA:48,1
DA:54,1
DA:58,6
LF:17
LH:17
BRDA:19,0,0,3
BRDA:19,0,1,4
BRDA:19,1,0,7
BRDA:19,1,1,6
BRDA:25,2,0,0
BRDA:25,2,1,4
BRDA:36,3,0,0
BRDA:36,3,1,3
BRDA:43,4,0,1
BRDA:43,4,1,1
BRF:10
BRH:8
end_of_record
TN:
SF:src\modules\auth\services\access-token\access-token.service.ts
FN:8,(anonymous_0)
FN:12,(anonymous_1)
FN:27,(anonymous_2)
FNF:3
FNH:3
FNDA:2,(anonymous_0)
FNDA:5,(anonymous_1)
FNDA:3,(anonymous_2)
DA:16,5
DA:21,5
DA:28,3
DA:32,1
DA:33,0
DA:36,1
LF:6
LH:5
BRDA:32,0,0,0
BRDA:32,0,1,1
BRF:2
BRH:1
end_of_record
TN:
SF:src\modules\auth\services\auth\auth.service.ts
FN:14,(anonymous_0)
FN:22,(anonymous_1)
FN:50,(anonymous_2)
FN:66,(anonymous_3)
FNF:4
FNH:4
FNDA:1,(anonymous_0)
FNDA:6,(anonymous_1)
FNDA:4,(anonymous_2)
FNDA:4,(anonymous_3)
DA:23,6
DA:25,6
DA:27,5
DA:29,5
DA:31,4
DA:33,3
DA:35,2
DA:40,1
DA:52,4
DA:54,3
DA:55,3
DA:58,2
DA:59,1
DA:62,1
DA:68,4
DA:70,3
DA:72,2
DA:77,1
LF:18
LH:18
BRDA:25,0,0,1
BRDA:25,0,1,5
BRDA:29,1,0,1
BRDA:29,1,1,4
BRDA:58,2,0,1
BRDA:58,2,1,1
BRF:6
BRH:6
end_of_record
TN:
SF:src\modules\courses\repositories\course.repository.ts
FN:8,(anonymous_0)
FN:14,(anonymous_1)
FN:21,(anonymous_2)
FN:30,(anonymous_3)
FN:41,(anonymous_4)
FN:53,(anonymous_5)
FN:62,(anonymous_6)
FN:76,(anonymous_7)
FN:79,(anonymous_8)
FNF:9
FNH:9
FNDA:5,(anonymous_0)
FNDA:119,(anonymous_1)
FNDA:5,(anonymous_2)
FNDA:2,(anonymous_3)
FNDA:6,(anonymous_4)
FNDA:5,(anonymous_5)
FNDA:3,(anonymous_6)
FNDA:2,(anonymous_7)
FNDA:2,(anonymous_8)
DA:16,119
DA:22,5
DA:31,2
DA:42,6
DA:54,5
DA:64,3
DA:77,2
DA:79,2
DA:81,2
DA:83,2
LF:10
LH:10
BRF:0
BRH:0
end_of_record
TN:
SF:src\modules\courses\services\course.service.ts
FN:13,(anonymous_0)
FN:20,(anonymous_1)
FN:36,(anonymous_2)
FN:50,(anonymous_3)
FN:59,(anonymous_4)
FN:62,(anonymous_5)
FN:84,(anonymous_6)
FN:85,(anonymous_7)
FN:99,(anonymous_8)
FNF:9
FNH:9
FNDA:1,(anonymous_0)
FNDA:7,(anonymous_1)
FNDA:6,(anonymous_2)
FNDA:5,(anonymous_3)
FNDA:3,(anonymous_4)
FNDA:7,(anonymous_5)
FNDA:6,(anonymous_6)
FNDA:6,(anonymous_7)
FNDA:12,(anonymous_8)
DA:25,7
DA:27,5
DA:33,4
DA:41,6
DA:45,4
DA:47,2
DA:55,5
DA:57,4
DA:59,3
DA:68,7
DA:70,6
DA:71,1
DA:73,5
DA:75,4
DA:81,3
DA:85,6
DA:86,6
DA:88,5
DA:90,4
DA:92,3
DA:93,3
DA:94,3
DA:95,3
DA:100,12
LF:24
LH:24
BRDA:30,0,0,5
BRDA:30,0,1,1
BRDA:41,1,0,3
BRDA:41,1,1,3
BRDA:45,2,0,2
BRDA:45,2,1,2
BRDA:70,3,0,1
BRDA:70,3,1,5
BRDA:76,4,0,3
BRDA:76,4,1,1
BRDA:78,5,0,1
BRDA:78,5,1,3
BRDA:88,6,0,1
BRDA:88,6,1,4
BRF:14
BRH:14
end_of_record
TN:
SF:src\modules\disciplines\repositories\discipline.repository.ts
FN:7,(anonymous_0)
FN:10,(anonymous_1)
FN:18,(anonymous_2)
FN:27,(anonymous_3)
FN:40,(anonymous_4)
FN:54,(anonymous_5)
FN:68,(anonymous_6)
FN:84,(anonymous_7)
FN:90,(anonymous_8)
FN:100,(anonymous_9)
FN:110,(anonymous_10)
FN:114,(anonymous_11)
FNF:12
FNH:12
FNDA:1,(anonymous_0)
FNDA:3,(anonymous_1)
FNDA:3,(anonymous_2)
FNDA:4,(anonymous_3)
FNDA:4,(anonymous_4)
FNDA:4,(anonymous_5)
FNDA:3,(anonymous_6)
FNDA:11,(anonymous_7)
FNDA:6,(anonymous_8)
FNDA:10,(anonymous_9)
FNDA:3,(anonymous_10)
FNDA:3,(anonymous_11)
DA:11,3
DA:19,3
DA:28,4
DA:41,4
DA:55,4
DA:69,3
DA:85,11
DA:91,6
DA:101,10
DA:111,3
DA:114,3
DA:116,3
DA:117,2
DA:121,2
DA:126,3
LF:15
LH:15
BRDA:116,0,0,2
BRDA:116,0,1,1
BRF:2
BRH:2
end_of_record
TN:
SF:src\modules\disciplines\services\discipline.service.ts
FN:14,(anonymous_0)
FN:23,(anonymous_1)
FN:29,(anonymous_2)
FN:32,(anonymous_3)
FN:48,(anonymous_4)
FN:58,(anonymous_5)
FN:61,(anonymous_6)
FN:64,(anonymous_7)
FN:78,(anonymous_8)
FN:79,(anonymous_9)
FN:93,(anonymous_10)
FNF:11
FNH:11
FNDA:1,(anonymous_0)
FNDA:5,(anonymous_1)
FNDA:3,(anonymous_2)
FNDA:7,(anonymous_3)
FNDA:6,(anonymous_4)
FNDA:6,(anonymous_5)
FNDA:3,(anonymous_6)
FNDA:8,(anonymous_7)
FNDA:7,(anonymous_8)
FNDA:7,(anonymous_9)
FNDA:15,(anonymous_10)
DA:25,5
DA:27,4
DA:29,3
DA:33,7
DA:35,6
DA:37,5
DA:39,4
DA:45,3
DA:49,6
DA:53,4
DA:55,2
DA:59,6
DA:61,4
DA:65,8
DA:66,7
DA:68,6
DA:70,5
DA:75,4
DA:79,7
DA:80,7
DA:85,5
DA:87,3
DA:88,3
DA:89,3
DA:94,15
LF:25
LH:25
BRDA:35,0,0,1
BRDA:35,0,1,5
BRDA:42,1,0,4
BRDA:42,1,1,3
BRDA:49,2,0,3
BRDA:49,2,1,3
BRDA:53,3,0,2
BRDA:53,3,1,2
BRDA:59,4,0,3
BRDA:59,4,1,3
BRDA:66,5,0,1
BRDA:66,5,1,6
BRDA:71,6,0,3
BRDA:71,6,1,2
BRDA:72,7,0,2
BRDA:72,7,1,3
BRDA:80,8,0,3
BRDA:80,8,1,4
BRDA:85,9,0,2
BRDA:85,9,1,3
BRF:20
BRH:20
end_of_record
TN:
SF:src\modules\goals\repositories\goal.repository.ts
FN:7,(anonymous_0)
FN:11,(anonymous_1)
FN:17,(anonymous_2)
FN:23,(anonymous_3)
FN:30,(anonymous_4)
FN:34,(anonymous_5)
FN:41,(anonymous_6)
FN:47,(anonymous_7)
FN:53,(anonymous_8)
FN:59,(anonymous_9)
FN:65,(anonymous_10)
FNF:11
FNH:11
FNDA:1,(anonymous_0)
FNDA:2,(anonymous_1)
FNDA:3,(anonymous_2)
FNDA:4,(anonymous_3)
FNDA:9,(anonymous_4)
FNDA:6,(anonymous_5)
FNDA:2,(anonymous_6)
FNDA:2,(anonymous_7)
FNDA:2,(anonymous_8)
FNDA:2,(anonymous_9)
FNDA:3,(anonymous_10)
DA:12,2
DA:18,3
DA:24,4
DA:31,9
DA:35,6
DA:42,2
DA:48,2
DA:54,2
DA:60,2
DA:66,3
LF:10
LH:10
BRF:0
BRH:0
end_of_record
TN:
SF:src\modules\goals\services\goal.service.ts
FN:19,(anonymous_0)
FN:30,(anonymous_1)
FN:77,(anonymous_2)
FN:87,(anonymous_3)
FN:93,(anonymous_4)
FN:96,(anonymous_5)
FN:133,(anonymous_6)
FN:144,(anonymous_7)
FN:150,(anonymous_8)
FNF:9
FNH:9
FNDA:1,(anonymous_0)
FNDA:16,(anonymous_1)
FNDA:6,(anonymous_2)
FNDA:5,(anonymous_3)
FNDA:3,(anonymous_4)
FNDA:13,(anonymous_5)
FNDA:7,(anonymous_6)
FNDA:18,(anonymous_7)
FNDA:17,(anonymous_8)
DA:32,16
DA:34,16
DA:36,16
DA:38,14
DA:39,1
DA:42,13
DA:43,13
DA:45,12
DA:47,11
DA:48,2
DA:49,2
DA:51,9
DA:52,3
DA:53,3
DA:54,2
DA:56,6
DA:57,3
DA:58,3
DA:59,2
DA:62,6
DA:74,5
DA:78,6
DA:82,4
DA:84,2
DA:89,5
DA:91,4
DA:93,3
DA:97,13
DA:102,12
DA:106,10
DA:108,10
DA:109,3
DA:110,1
DA:112,2
DA:114,2
DA:116,1
DA:120,9
DA:121,1
DA:124,8
DA:130,7
DA:134,7
DA:139,5
DA:141,3
DA:145,18
DA:146,3
DA:151,17
LF:46
LH:46
BRDA:34,0,0,2
BRDA:34,0,1,14
BRDA:38,1,0,1
BRDA:38,1,1,13
BRDA:43,2,0,1
BRDA:43,2,1,12
BRDA:47,3,0,2
BRDA:47,3,1,9
BRDA:49,4,0,1
BRDA:49,4,1,1
BRDA:51,5,0,3
BRDA:51,5,1,6
BRDA:53,6,0,1
BRDA:53,6,1,2
BRDA:54,7,0,1
BRDA:54,7,1,1
BRDA:56,8,0,3
BRDA:56,8,1,3
BRDA:58,9,0,1
BRDA:58,9,1,2
BRDA:59,10,0,1
BRDA:59,10,1,1
BRDA:63,11,0,6
BRDA:63,11,1,5
BRDA:64,12,0,6
BRDA:64,12,1,5
BRDA:65,13,0,6
BRDA:65,13,1,5
BRDA:78,14,0,3
BRDA:78,14,1,3
BRDA:82,15,0,2
BRDA:82,15,1,2
BRDA:97,16,0,2
BRDA:97,16,1,11
BRDA:102,17,0,2
BRDA:102,17,1,10
BRDA:108,18,0,3
BRDA:108,18,1,7
BRDA:109,19,0,1
BRDA:109,19,1,2
BRDA:120,20,0,1
BRDA:120,20,1,8
BRDA:120,21,0,9
BRDA:120,21,1,2
BRDA:125,22,0,5
BRDA:125,22,1,3
BRDA:126,23,0,8
BRDA:126,23,1,7
BRDA:134,24,0,3
BRDA:134,24,1,4
BRDA:139,25,0,2
BRDA:139,25,1,3
BRDA:145,26,0,3
BRDA:145,26,1,15
BRDA:145,27,0,18
BRDA:145,27,1,4
BRDA:162,28,0,16
BRDA:162,28,1,1
BRF:58
BRH:58
end_of_record
TN:
SF:src\modules\modules\repositories\module.repository.ts
FN:8,(anonymous_0)
FN:9,(anonymous_1)
FN:16,(anonymous_2)
FN:22,(anonymous_3)
FN:36,(anonymous_4)
FN:47,(anonymous_5)
FN:62,(anonymous_6)
FN:77,(anonymous_7)
FN:83,(anonymous_8)
FN:90,(anonymous_9)
FN:99,(anonymous_10)
FN:104,(anonymous_11)
FN:110,(anonymous_12)
FNF:13
FNH:13
FNDA:5,(anonymous_0)
FNDA:3,(anonymous_1)
FNDA:3,(anonymous_2)
FNDA:4,(anonymous_3)
FNDA:4,(anonymous_4)
FNDA:3,(anonymous_5)
FNDA:4,(anonymous_6)
FNDA:12,(anonymous_7)
FNDA:6,(anonymous_8)
FNDA:10,(anonymous_9)
FNDA:7,(anonymous_10)
FNDA:6,(anonymous_11)
FNDA:2,(anonymous_12)
DA:10,3
DA:17,3
DA:23,4
DA:37,4
DA:51,3
DA:66,4
DA:78,12
DA:84,6
DA:91,10
DA:100,7
DA:104,7
DA:106,7
DA:107,5
DA:110,5
DA:112,5
DA:113,2
DA:117,2
DA:123,5
DA:128,5
DA:132,5
DA:138,7
LF:21
LH:21
BRDA:106,0,0,5
BRDA:106,0,1,2
BRDA:112,1,0,2
BRDA:112,1,1,3
BRF:4
BRH:4
end_of_record
TN:
SF:src\modules\modules\services\module.service.ts
FN:14,(anonymous_0)
FN:23,(anonymous_1)
FN:31,(anonymous_2)
FN:34,(anonymous_3)
FN:50,(anonymous_4)
FN:60,(anonymous_5)
FN:63,(anonymous_6)
FN:66,(anonymous_7)
FN:80,(anonymous_8)
FN:81,(anonymous_9)
FN:96,(anonymous_10)
FNF:11
FNH:11
FNDA:1,(anonymous_0)
FNDA:5,(anonymous_1)
FNDA:3,(anonymous_2)
FNDA:7,(anonymous_3)
FNDA:6,(anonymous_4)
FNDA:6,(anonymous_5)
FNDA:3,(anonymous_6)
FNDA:8,(anonymous_7)
FNDA:8,(anonymous_8)
FNDA:8,(anonymous_9)
FNDA:15,(anonymous_10)
DA:25,5
DA:27,4
DA:29,3
DA:31,3
DA:35,7
DA:37,6
DA:39,5
DA:41,4
DA:47,3
DA:51,6
DA:55,4
DA:57,2
DA:61,6
DA:63,4
DA:67,8
DA:68,7
DA:70,6
DA:72,5
DA:77,4
DA:81,8
DA:82,8
DA:87,6
DA:89,4
DA:90,4
DA:91,4
DA:92,3
DA:97,15
LF:27
LH:27
BRDA:29,0,0,1
BRDA:29,0,1,2
BRDA:37,1,0,1
BRDA:37,1,1,5
BRDA:44,2,0,4
BRDA:44,2,1,3
BRDA:51,3,0,3
BRDA:51,3,1,3
BRDA:55,4,0,2
BRDA:55,4,1,2
BRDA:61,5,0,3
BRDA:61,5,1,3
BRDA:68,6,0,1
BRDA:68,6,1,6
BRDA:73,7,0,3
BRDA:73,7,1,2
BRDA:74,8,0,2
BRDA:74,8,1,3
BRDA:82,9,0,3
BRDA:82,9,1,5
BRDA:87,10,0,2
BRDA:87,10,1,4
BRF:22
BRH:22
end_of_record
TN:
SF:src\modules\sessions\repositories\session.repository.ts
FN:8,(anonymous_0)
FN:9,(anonymous_1)
FN:24,(anonymous_2)
FN:37,(anonymous_3)
FN:46,(anonymous_4)
FN:52,(anonymous_5)
FN:61,(anonymous_6)
FN:72,(anonymous_7)
FNF:8
FNH:8
FNDA:1,(anonymous_0)
FNDA:1,(anonymous_1)
FNDA:3,(anonymous_2)
FNDA:4,(anonymous_3)
FNDA:9,(anonymous_4)
FNDA:3,(anonymous_5)
FNDA:1,(anonymous_6)
FNDA:1,(anonymous_7)
DA:10,1
DA:25,3
DA:38,4
DA:47,9
DA:53,3
DA:62,1
DA:73,1
LF:7
LH:7
BRF:0
BRH:0
end_of_record
TN:
SF:src\modules\sessions\services\session.service.ts
FN:13,(anonymous_0)
FN:18,(anonymous_1)
FN:45,(anonymous_2)
FN:88,(anonymous_3)
FN:98,(anonymous_4)
FN:102,(anonymous_5)
FNF:6
FNH:6
FNDA:1,(anonymous_0)
FNDA:3,(anonymous_1)
FNDA:10,(anonymous_2)
FNDA:5,(anonymous_3)
FNDA:1,(anonymous_4)
FNDA:4,(anonymous_5)
DA:20,3
DA:23,3
DA:26,2
DA:30,2
DA:37,1
DA:47,10
DA:49,10
DA:50,1
DA:52,9
DA:53,8
DA:54,2
DA:56,6
DA:59,5
DA:60,1
DA:61,1
DA:65,4
DA:66,3
DA:68,2
DA:71,2
DA:73,2
DA:75,2
DA:80,1
DA:89,5
DA:91,4
DA:93,3
DA:95,2
DA:99,1
DA:103,4
DA:105,4
DA:107,1
DA:109,1
LF:31
LH:31
BRDA:49,0,0,1
BRDA:49,0,1,9
BRDA:49,1,0,10
BRDA:49,1,1,10
BRDA:53,2,0,2
BRDA:53,2,1,6
BRDA:53,3,0,8
BRDA:53,3,1,7
BRDA:56,4,0,1
BRDA:56,4,1,5
BRDA:59,5,0,1
BRDA:59,5,1,4
BRDA:66,6,0,1
BRDA:66,6,1,2
BRDA:91,7,0,1
BRDA:91,7,1,3
BRDA:93,8,0,1
BRDA:93,8,1,2
BRDA:105,9,0,3
BRDA:105,9,1,1
BRDA:105,10,0,4
BRDA:105,10,1,3
BRDA:105,10,2,2
BRDA:107,11,0,0
BRDA:107,11,1,1
BRF:25
BRH:24
end_of_record
TN:
SF:src\modules\study-sessions\repositories\study-session.repository.ts
FN:7,(anonymous_0)
FN:11,(anonymous_1)
FN:17,(anonymous_2)
FN:23,(anonymous_3)
FN:30,(anonymous_4)
FN:34,(anonymous_5)
FN:41,(anonymous_6)
FN:47,(anonymous_7)
FN:53,(anonymous_8)
FN:59,(anonymous_9)
FN:65,(anonymous_10)
FNF:11
FNH:8
FNDA:1,(anonymous_0)
FNDA:2,(anonymous_1)
FNDA:2,(anonymous_2)
FNDA:2,(anonymous_3)
FNDA:6,(anonymous_4)
FNDA:4,(anonymous_5)
FNDA:2,(anonymous_6)
FNDA:0,(anonymous_7)
FNDA:0,(anonymous_8)
FNDA:0,(anonymous_9)
FNDA:2,(anonymous_10)
DA:12,2
DA:18,2
DA:24,2
DA:31,6
DA:35,4
DA:42,2
DA:48,0
DA:54,0
DA:60,0
DA:66,2
LF:10
LH:7
BRF:0
BRH:0
end_of_record
TN:
SF:src\modules\study-sessions\services\study-session.service.ts
FN:18,(anonymous_0)
FN:28,(anonymous_1)
FN:71,(anonymous_2)
FN:79,(anonymous_3)
FN:85,(anonymous_4)
FN:88,(anonymous_5)
FN:111,(anonymous_6)
FN:120,(anonymous_7)
FN:124,(anonymous_8)
FN:131,(anonymous_9)
FNF:10
FNH:10
FNDA:20,(anonymous_0)
FNDA:11,(anonymous_1)
FNDA:3,(anonymous_2)
FNDA:1,(anonymous_3)
FNDA:2,(anonymous_4)
FNDA:4,(anonymous_5)
FNDA:2,(anonymous_6)
FNDA:12,(anonymous_7)
FNDA:8,(anonymous_8)
FNDA:9,(anonymous_9)
DA:30,11
DA:32,10
DA:36,10
DA:39,9
DA:40,9
DA:42,8
DA:44,8
DA:45,1
DA:46,1
DA:48,7
DA:49,3
DA:50,3
DA:51,2
DA:53,4
DA:54,3
DA:55,3
DA:56,2
DA:59,4
DA:68,4
DA:72,3
DA:74,3
DA:76,2
DA:81,1
DA:83,1
DA:85,2
DA:91,4
DA:93,3
DA:95,3
DA:98,2
DA:99,2
DA:100,2
DA:103,1
DA:108,1
DA:112,2
DA:115,2
DA:117,1
DA:121,12
DA:125,8
DA:132,9
LF:39
LH:39
BRDA:30,0,0,1
BRDA:30,0,1,10
BRDA:30,1,0,11
BRDA:30,1,1,11
BRDA:32,2,0,1
BRDA:32,2,1,9
BRDA:36,3,0,1
BRDA:36,3,1,9
BRDA:40,4,0,1
BRDA:40,4,1,8
BRDA:44,5,0,1
BRDA:44,5,1,7
BRDA:46,6,0,0
BRDA:46,6,1,1
BRDA:48,7,0,3
BRDA:48,7,1,4
BRDA:50,8,0,1
BRDA:50,8,1,2
BRDA:51,9,0,1
BRDA:51,9,1,1
BRDA:53,10,0,3
BRDA:53,10,1,1
BRDA:55,11,0,1
BRDA:55,11,1,2
BRDA:56,12,0,1
BRDA:56,12,1,1
BRDA:60,13,0,4
BRDA:60,13,1,3
BRDA:61,14,0,4
BRDA:61,14,1,3
BRDA:62,15,0,4
BRDA:62,15,1,3
BRDA:74,16,0,1
BRDA:74,16,1,2
BRDA:91,17,0,1
BRDA:91,17,1,3
BRDA:91,18,0,4
BRDA:91,18,1,3
BRDA:95,19,0,1
BRDA:95,19,1,2
BRDA:98,20,0,2
BRDA:98,20,1,0
BRDA:100,21,0,1
BRDA:100,21,1,1
BRDA:104,22,0,1
BRDA:104,22,1,0
BRDA:105,23,0,1
BRDA:105,23,1,0
BRDA:115,24,0,1
BRDA:115,24,1,1
BRDA:125,25,0,1
BRDA:125,25,1,7
BRF:52
BRH:48
end_of_record
TN:
SF:src\modules\transaction\services\transaction.service.ts
FN:13,(anonymous_0)
FN:15,(anonymous_1)
FN:16,(anonymous_2)
FNF:3
FNH:3
FNDA:1,(anonymous_0)
FNDA:9,(anonymous_1)
FNDA:8,(anonymous_2)
DA:16,9
DA:18,8
DA:19,8
DA:20,8
DA:21,8
DA:22,8
DA:23,8
DA:24,8
DA:26,8
DA:36,8
LF:10
LH:10
BRF:0
BRH:0
end_of_record
TN:
SF:src\modules\users\repositories\user.repository.ts
FN:7,(anonymous_0)
FN:9,(anonymous_1)
FN:19,(anonymous_2)
FN:23,(anonymous_3)
FN:27,(anonymous_4)
FN:31,(anonymous_5)
FN:41,(anonymous_6)
FNF:7
FNH:7
FNDA:7,(anonymous_0)
FNDA:1,(anonymous_1)
FNDA:186,(anonymous_2)
FNDA:2,(anonymous_3)
FNDA:1,(anonymous_4)
FNDA:1,(anonymous_5)
FNDA:1,(anonymous_6)
DA:10,1
DA:20,186
DA:24,2
DA:28,1
DA:33,1
DA:42,1
LF:6
LH:6
BRF:0
BRH:0
end_of_record
TN:
SF:src\modules\users\services\user.service.ts
FN:18,(anonymous_0)
FN:28,(anonymous_1)
FN:45,(anonymous_2)
FN:82,(anonymous_3)
FN:91,(anonymous_4)
FN:105,(anonymous_5)
FN:141,(anonymous_6)
FN:142,(anonymous_7)
FN:158,(anonymous_8)
FN:163,(anonymous_9)
FNF:10
FNH:9
FNDA:1,(anonymous_0)
FNDA:4,(anonymous_1)
FNDA:0,(anonymous_2)
FNDA:8,(anonymous_3)
FNDA:4,(anonymous_4)
FNDA:8,(anonymous_5)
FNDA:4,(anonymous_6)
FNDA:4,(anonymous_7)
FNDA:2,(anonymous_8)
FNDA:11,(anonymous_9)
DA:29,4
DA:31,4
DA:33,3
DA:35,2
DA:37,2
DA:39,1
DA:41,1
DA:42,1
DA:47,0
DA:49,0
DA:50,0
DA:53,0
DA:55,0
DA:57,0
DA:59,0
DA:62,0
DA:69,0
DA:83,8
DA:85,7
DA:86,7
DA:88,6
DA:93,4
DA:94,4
DA:98,3
DA:99,1
DA:102,2
DA:106,8
DA:109,7
DA:114,6
DA:116,1
DA:118,1
DA:119,1
DA:123,5
DA:125,3
DA:127,2
DA:130,3
DA:136,3
DA:138,3
DA:142,4
DA:143,4
DA:145,4
DA:147,3
DA:149,2
DA:150,2
DA:151,2
DA:152,2
DA:153,2
DA:154,2
DA:159,2
DA:164,11
LF:50
LH:41
BRDA:31,0,0,1
BRDA:31,0,1,3
BRDA:37,1,0,1
BRDA:37,1,1,1
BRDA:49,2,0,0
BRDA:49,2,1,0
BRDA:49,3,0,0
BRDA:49,3,1,0
BRDA:55,4,0,0
BRDA:55,4,1,0
BRDA:59,5,0,0
BRDA:59,5,1,0
BRDA:86,6,0,1
BRDA:86,6,1,6
BRDA:94,7,0,1
BRDA:94,7,1,3
BRDA:98,8,0,1
BRDA:98,8,1,2
BRDA:98,9,0,3
BRDA:98,9,1,2
BRDA:109,10,0,1
BRDA:109,10,1,6
BRDA:114,11,0,1
BRDA:114,11,1,5
BRDA:118,12,0,1
BRDA:118,12,1,0
BRDA:118,13,0,1
BRDA:118,13,1,1
BRDA:123,14,0,3
BRDA:123,14,1,2
BRDA:127,15,0,1
BRDA:127,15,1,1
BRDA:131,16,0,2
BRDA:131,16,1,1
BRDA:132,17,0,3
BRDA:132,17,1,2
BRDA:133,18,0,0
BRDA:133,18,1,3
BRDA:145,19,0,1
BRDA:145,19,1,3
BRF:40
BRH:30
end_of_record
TN:
SF:src\shared\convert\utils\date-convert.utils.ts
FN:5,(anonymous_0)
FN:9,(anonymous_1)
FN:13,(anonymous_2)
FN:30,(anonymous_3)
FN:50,(anonymous_4)
FN:57,(anonymous_5)
FNF:6
FNH:5
FNDA:1,(anonymous_0)
FNDA:1,(anonymous_1)
FNDA:23,(anonymous_2)
FNDA:23,(anonymous_3)
FNDA:2,(anonymous_4)
FNDA:0,(anonymous_5)
DA:6,1
DA:10,1
DA:14,23
DA:16,23
DA:17,0
DA:19,23
DA:20,23
DA:21,23
DA:23,23
DA:24,0
DA:27,23
DA:31,23
DA:32,0
DA:35,23
DA:37,23
DA:39,23
DA:44,1
DA:47,22
DA:51,2
DA:52,2
DA:58,0
LF:21
LH:17
BRDA:16,0,0,0
BRDA:16,0,1,23
BRDA:23,1,0,0
BRDA:23,1,1,23
BRDA:31,2,0,0
BRDA:31,2,1,23
BRDA:39,3,0,1
BRDA:39,3,1,22
BRDA:40,4,0,23
BRDA:40,4,1,23
BRDA:40,4,2,22
BRF:11
BRH:8
end_of_record
TN:
SF:src\shared\errors\authorization.error.ts
FN:4,(anonymous_0)
FNF:1
FNH:1
FNDA:34,(anonymous_0)
DA:5,34
LF:1
LH:1
BRF:0
BRH:0
end_of_record
TN:
SF:src\shared\errors\base-error.ts
FN:4,(anonymous_0)
FN:8,(anonymous_1)
FNF:2
FNH:1
FNDA:80,(anonymous_0)
FNDA:0,(anonymous_1)
DA:5,80
DA:9,0
LF:2
LH:1
BRF:0
BRH:0
end_of_record
TN:
SF:src\shared\errors\internal-server-error.ts
FN:4,(anonymous_0)
FNF:1
FNH:0
FNDA:0,(anonymous_0)
DA:5,0
LF:1
LH:0
BRDA:4,0,0,0
BRF:1
BRH:0
end_of_record
TN:
SF:src\shared\errors\not-found-error.ts
FN:4,(anonymous_0)
FNF:1
FNH:1
FNDA:20,(anonymous_0)
DA:5,20
LF:1
LH:1
BRF:0
BRH:0
end_of_record
TN:
SF:src\shared\errors\validation-error.ts
FN:4,(anonymous_0)
FNF:1
FNH:1
FNDA:26,(anonymous_0)
DA:5,26
LF:1
LH:1
BRF:0
BRH:0
end_of_record
TN:
SF:src\shared\hash\provider\hash.provider.ts
FN:6,(anonymous_0)
FN:12,(anonymous_1)
FN:16,(anonymous_2)
FNF:3
FNH:3
FNDA:4,(anonymous_0)
FNDA:2,(anonymous_1)
FNDA:3,(anonymous_2)
DA:7,4
DA:8,0
DA:13,2
DA:17,3
LF:4
LH:3
BRDA:7,0,0,0
BRDA:7,0,1,4
BRDA:7,1,0,4
BRDA:7,1,1,4
BRF:4
BRH:3
end_of_record
TN:
SF:src\shared\ownership\ownership.service.ts
FN:8,(anonymous_0)
FN:12,(anonymous_1)
FN:34,(anonymous_2)
FN:43,(anonymous_3)
FNF:4
FNH:4
FNDA:1,(anonymous_0)
FNDA:7,(anonymous_1)
FNDA:5,(anonymous_2)
FNDA:4,(anonymous_3)
DA:16,7
DA:17,4
DA:18,2
DA:19,2
DA:20,1
DA:22,1
DA:24,2
DA:27,3
DA:28,1
DA:31,2
DA:38,5
DA:39,2
DA:47,4
DA:48,3
LF:14
LH:14
BRDA:16,0,0,4
BRDA:16,0,1,3
BRDA:17,1,0,2
BRDA:17,1,1,2
BRDA:17,2,0,4
BRDA:17,2,1,3
BRDA:19,3,0,1
BRDA:19,3,1,1
BRDA:27,4,0,1
BRDA:27,4,1,2
BRDA:27,5,0,3
BRDA:27,5,1,2
BRDA:38,6,0,2
BRDA:38,6,1,3
BRDA:38,7,0,5
BRDA:38,7,1,3
BRDA:47,8,0,3
BRDA:47,8,1,1
BRF:18
BRH:18
end_of_record
TN:
SF:src\tests\factories\make-course.ts
FN:4,(anonymous_0)
FNF:1
FNH:1
FNDA:161,(anonymous_0)
DA:4,161
LF:1
LH:1
BRF:0
BRH:0
end_of_record
TN:
SF:src\tests\factories\make-discipline.ts
FN:4,(anonymous_0)
FNF:1
FNH:1
FNDA:82,(anonymous_0)
DA:4,82
LF:1
LH:1
BRF:0
BRH:0
end_of_record
TN:
SF:src\tests\factories\make-goal.ts
FN:5,(anonymous_0)
FNF:1
FNH:1
FNDA:79,(anonymous_0)
DA:5,79
LF:1
LH:1
BRF:0
BRH:0
end_of_record
TN:
SF:src\tests\factories\make-module.ts
FN:5,(anonymous_0)
FNF:1
FNH:1
FNDA:138,(anonymous_0)
DA:5,138
LF:1
LH:1
BRF:0
BRH:0
end_of_record
TN:
SF:src\tests\factories\make-payload.ts
FN:3,(anonymous_0)
FNF:1
FNH:1
FNDA:5,(anonymous_0)
DA:3,1
DA:5,5
LF:2
LH:2
BRF:0
BRH:0
end_of_record
TN:
SF:src\tests\factories\make-session.ts
FN:3,(anonymous_0)
FNF:1
FNH:1
FNDA:20,(anonymous_0)
DA:3,20
LF:1
LH:1
BRF:0
BRH:0
end_of_record
TN:
SF:src\tests\factories\make-study-session.ts
FN:5,(anonymous_0)
FNF:1
FNH:1
FNDA:41,(anonymous_0)
DA:5,2
DA:6,41
LF:2
LH:2
BRF:0
BRH:0
end_of_record
TN:
SF:src\tests\factories\make-user.ts
FN:4,(anonymous_0)
FNF:1
FNH:1
FNDA:196,(anonymous_0)
DA:4,196
LF:1
LH:1
BRF:0
BRH:0
end_of_record
